/homes/55/guangrun/miniconda3/envs/eg3d/lib/python3.9/site-packages/scipy/__init__.py:146: UserWarning: A NumPy version >=1.16.5 and <1.23.0 is required for this version of SciPy (detected version 1.24.3
  warnings.warn(f"A NumPy version >={np_minversion} and <{np_maxversion}"
/homes/55/guangrun/miniconda3/envs/eg3d/lib/python3.9/site-packages/transformers/utils/hub.py:124: FutureWarning: Using `TRANSFORMERS_CACHE` is deprecated and will be removed in v5 of Transformers. Use `HF_HOME` instead.
  warnings.warn(

Training options:
{
  "G_kwargs": {
    "class_name": "training.triplane.TriPlaneGenerator",
    "z_dim": 512,
    "w_dim": 512,
    "mapping_kwargs": {
      "num_layers": 2
    },
    "channel_base": 32768,
    "channel_max": 512,
    "fused_modconv_default": "inference_only",
    "rendering_kwargs": {
      "image_resolution": 128,
      "disparity_space_sampling": false,
      "clamp_mode": "softplus",
      "superresolution_module": "training.superresolution.SuperresolutionHybrid2X",
      "c_gen_conditioning_zero": false,
      "gpc_reg_prob": 0.5,
      "c_scale": 1.0,
      "superresolution_noise_mode": "none",
      "density_reg": 0.25,
      "density_reg_p_dist": 0.004,
      "reg_type": "l1",
      "decoder_lr_mul": 1.0,
      "sr_antialias": true,
      "depth_resolution": 64,
      "depth_resolution_importance": 64,
      "ray_start": 0.1,
      "ray_end": 2.6,
      "box_warp": 1.6,
      "white_back": false,
      "avg_camera_radius": 1.7,
      "avg_camera_pivot": [
        0,
        0,
        0
      ]
    },
    "num_fp16_res": 0,
    "sr_num_fp16_res": 4,
    "sr_kwargs": {
      "channel_base": 32768,
      "channel_max": 512,
      "fused_modconv_default": "inference_only"
    },
    "conv_clamp": null
  },
  "D_kwargs": {
    "class_name": "training.dual_discriminator.DualDiscriminator",
    "block_kwargs": {
      "freeze_layers": 0
    },
    "mapping_kwargs": {},
    "epilogue_kwargs": {
      "mbstd_group_size": 4
    },
    "channel_base": 32768,
    "channel_max": 512,
    "disc_c_noise": 0.0,
    "num_fp16_res": 4,
    "conv_clamp": 256
  },
  "G_opt_kwargs": {
    "class_name": "torch.optim.Adam",
    "betas": [
      0,
      0.99
    ],
    "eps": 1e-08,
    "lr": 0.0025
  },
  "D_opt_kwargs": {
    "class_name": "torch.optim.Adam",
    "betas": [
      0,
      0.99
    ],
    "eps": 1e-08,
    "lr": 0.002
  },
  "loss_kwargs": {
    "class_name": "training.loss.StyleGAN2DepthLoss",
    "depth_loss_weight": 0.1,
    "r1_gamma": 0.3,
    "filter_mode": "antialiased",
    "blur_init_sigma": 10,
    "blur_fade_kimg": 250.0,
    "gpc_reg_prob": 0.5,
    "gpc_reg_fade_kimg": 1000,
    "dual_discrimination": true,
    "neural_rendering_resolution_initial": 64,
    "neural_rendering_resolution_final": null,
    "neural_rendering_resolution_fade_kimg": 1000,
    "style_mixing_prob": 0.0
  },
  "data_loader_kwargs": {
    "pin_memory": true,
    "prefetch_factor": 2,
    "num_workers": 8
  },
  "training_set_kwargs": {
    "class_name": "training.dataset.ImageFolderDatasetImagenet",
    "path": "/storage2/guangrun/qijia_3d_model/imagenet/imagenet_train_crop224_sz128.zip",
    "use_labels": true,
    "max_size": 99411,
    "xflip": false,
    "resolution": 128,
    "random_seed": 0
  },
  "num_gpus": 5,
  "batch_size": 40,
  "batch_gpu": 8,
  "metrics": [],
  "total_kimg": 25000,
  "kimg_per_tick": 4,
  "image_snapshot_ticks": 50,
  "network_snapshot_ticks": 50,
  "random_seed": 0,
  "ema_kimg": 12.5,
  "G_reg_interval": 4.0,
  "augment_kwargs": {
    "class_name": "training.augment.AugmentPipe",
    "xflip": 1,
    "rotate90": 1,
    "xint": 1,
    "scale": 1,
    "rotate": 1,
    "aniso": 1,
    "xfrac": 1,
    "brightness": 1,
    "contrast": 1,
    "lumaflip": 1,
    "hue": 1,
    "saturation": 1
  },
  "ada_target": 0.6,
  "run_dir": "/storage2/guangrun/qijia_3d_model/exps/eg3d//imagenet_128/eg3d_depth_imagenet_14_02_24/00002-shapenet-imagenet_train_crop224_sz128-gpus5-batch40-gamma0.3"
}

Output directory:    /storage2/guangrun/qijia_3d_model/exps/eg3d//imagenet_128/eg3d_depth_imagenet_14_02_24/00002-shapenet-imagenet_train_crop224_sz128-gpus5-batch40-gamma0.3
Number of GPUs:      5
Batch size:          40 images
Training duration:   25000 kimg
Dataset path:        /storage2/guangrun/qijia_3d_model/imagenet/imagenet_train_crop224_sz128.zip
Dataset size:        99411 images
Dataset resolution:  128
Dataset labels:      True
Dataset x-flips:     False

Creating output directory...
Launching processes...
/homes/55/guangrun/miniconda3/envs/eg3d/lib/python3.9/site-packages/scipy/__init__.py:146: UserWarning: A NumPy version >=1.16.5 and <1.23.0 is required for this version of SciPy (detected version 1.24.3
  warnings.warn(f"A NumPy version >={np_minversion} and <{np_maxversion}"
/homes/55/guangrun/miniconda3/envs/eg3d/lib/python3.9/site-packages/scipy/__init__.py:146: UserWarning: A NumPy version >=1.16.5 and <1.23.0 is required for this version of SciPy (detected version 1.24.3
  warnings.warn(f"A NumPy version >={np_minversion} and <{np_maxversion}"
/homes/55/guangrun/miniconda3/envs/eg3d/lib/python3.9/site-packages/scipy/__init__.py:146: UserWarning: A NumPy version >=1.16.5 and <1.23.0 is required for this version of SciPy (detected version 1.24.3
  warnings.warn(f"A NumPy version >={np_minversion} and <{np_maxversion}"
/homes/55/guangrun/miniconda3/envs/eg3d/lib/python3.9/site-packages/scipy/__init__.py:146: UserWarning: A NumPy version >=1.16.5 and <1.23.0 is required for this version of SciPy (detected version 1.24.3
  warnings.warn(f"A NumPy version >={np_minversion} and <{np_maxversion}"
/homes/55/guangrun/miniconda3/envs/eg3d/lib/python3.9/site-packages/scipy/__init__.py:146: UserWarning: A NumPy version >=1.16.5 and <1.23.0 is required for this version of SciPy (detected version 1.24.3
  warnings.warn(f"A NumPy version >={np_minversion} and <{np_maxversion}"
/homes/55/guangrun/miniconda3/envs/eg3d/lib/python3.9/site-packages/transformers/utils/hub.py:124: FutureWarning: Using `TRANSFORMERS_CACHE` is deprecated and will be removed in v5 of Transformers. Use `HF_HOME` instead.
  warnings.warn(
/homes/55/guangrun/miniconda3/envs/eg3d/lib/python3.9/site-packages/transformers/utils/hub.py:124: FutureWarning: Using `TRANSFORMERS_CACHE` is deprecated and will be removed in v5 of Transformers. Use `HF_HOME` instead.
  warnings.warn(
/homes/55/guangrun/miniconda3/envs/eg3d/lib/python3.9/site-packages/transformers/utils/hub.py:124: FutureWarning: Using `TRANSFORMERS_CACHE` is deprecated and will be removed in v5 of Transformers. Use `HF_HOME` instead.
  warnings.warn(
/homes/55/guangrun/miniconda3/envs/eg3d/lib/python3.9/site-packages/transformers/utils/hub.py:124: FutureWarning: Using `TRANSFORMERS_CACHE` is deprecated and will be removed in v5 of Transformers. Use `HF_HOME` instead.
  warnings.warn(
/homes/55/guangrun/miniconda3/envs/eg3d/lib/python3.9/site-packages/transformers/utils/hub.py:124: FutureWarning: Using `TRANSFORMERS_CACHE` is deprecated and will be removed in v5 of Transformers. Use `HF_HOME` instead.
  warnings.warn(
Loading training set...
/homes/55/guangrun/miniconda3/envs/eg3d/lib/python3.9/site-packages/scipy/__init__.py:146: UserWarning: A NumPy version >=1.16.5 and <1.23.0 is required for this version of SciPy (detected version 1.24.3
  warnings.warn(f"A NumPy version >={np_minversion} and <{np_maxversion}"
/homes/55/guangrun/miniconda3/envs/eg3d/lib/python3.9/site-packages/scipy/__init__.py:146: UserWarning: A NumPy version >=1.16.5 and <1.23.0 is required for this version of SciPy (detected version 1.24.3
  warnings.warn(f"A NumPy version >={np_minversion} and <{np_maxversion}"
/homes/55/guangrun/miniconda3/envs/eg3d/lib/python3.9/site-packages/scipy/__init__.py:146: UserWarning: A NumPy version >=1.16.5 and <1.23.0 is required for this version of SciPy (detected version 1.24.3
  warnings.warn(f"A NumPy version >={np_minversion} and <{np_maxversion}"
/homes/55/guangrun/miniconda3/envs/eg3d/lib/python3.9/site-packages/scipy/__init__.py:146: UserWarning: A NumPy version >=1.16.5 and <1.23.0 is required for this version of SciPy (detected version 1.24.3
  warnings.warn(f"A NumPy version >={np_minversion} and <{np_maxversion}"
/homes/55/guangrun/miniconda3/envs/eg3d/lib/python3.9/site-packages/transformers/utils/hub.py:124: FutureWarning: Using `TRANSFORMERS_CACHE` is deprecated and will be removed in v5 of Transformers. Use `HF_HOME` instead.
  warnings.warn(
/homes/55/guangrun/miniconda3/envs/eg3d/lib/python3.9/site-packages/transformers/utils/hub.py:124: FutureWarning: Using `TRANSFORMERS_CACHE` is deprecated and will be removed in v5 of Transformers. Use `HF_HOME` instead.
  warnings.warn(
/homes/55/guangrun/miniconda3/envs/eg3d/lib/python3.9/site-packages/transformers/utils/hub.py:124: FutureWarning: Using `TRANSFORMERS_CACHE` is deprecated and will be removed in v5 of Transformers. Use `HF_HOME` instead.
  warnings.warn(
/homes/55/guangrun/miniconda3/envs/eg3d/lib/python3.9/site-packages/transformers/utils/hub.py:124: FutureWarning: Using `TRANSFORMERS_CACHE` is deprecated and will be removed in v5 of Transformers. Use `HF_HOME` instead.
  warnings.warn(
/homes/55/guangrun/miniconda3/envs/eg3d/lib/python3.9/site-packages/scipy/__init__.py:146: UserWarning: A NumPy version >=1.16.5 and <1.23.0 is required for this version of SciPy (detected version 1.24.3
  warnings.warn(f"A NumPy version >={np_minversion} and <{np_maxversion}"
/homes/55/guangrun/miniconda3/envs/eg3d/lib/python3.9/site-packages/scipy/__init__.py:146: UserWarning: A NumPy version >=1.16.5 and <1.23.0 is required for this version of SciPy (detected version 1.24.3
  warnings.warn(f"A NumPy version >={np_minversion} and <{np_maxversion}"
/homes/55/guangrun/miniconda3/envs/eg3d/lib/python3.9/site-packages/scipy/__init__.py:146: UserWarning: A NumPy version >=1.16.5 and <1.23.0 is required for this version of SciPy (detected version 1.24.3
  warnings.warn(f"A NumPy version >={np_minversion} and <{np_maxversion}"
/homes/55/guangrun/miniconda3/envs/eg3d/lib/python3.9/site-packages/scipy/__init__.py:146: UserWarning: A NumPy version >=1.16.5 and <1.23.0 is required for this version of SciPy (detected version 1.24.3
  warnings.warn(f"A NumPy version >={np_minversion} and <{np_maxversion}"
/homes/55/guangrun/miniconda3/envs/eg3d/lib/python3.9/site-packages/scipy/__init__.py:146: UserWarning: A NumPy version >=1.16.5 and <1.23.0 is required for this version of SciPy (detected version 1.24.3
  warnings.warn(f"A NumPy version >={np_minversion} and <{np_maxversion}"
/homes/55/guangrun/miniconda3/envs/eg3d/lib/python3.9/site-packages/transformers/utils/hub.py:124: FutureWarning: Using `TRANSFORMERS_CACHE` is deprecated and will be removed in v5 of Transformers. Use `HF_HOME` instead.
  warnings.warn(
/homes/55/guangrun/miniconda3/envs/eg3d/lib/python3.9/site-packages/transformers/utils/hub.py:124: FutureWarning: Using `TRANSFORMERS_CACHE` is deprecated and will be removed in v5 of Transformers. Use `HF_HOME` instead.
  warnings.warn(
/homes/55/guangrun/miniconda3/envs/eg3d/lib/python3.9/site-packages/scipy/__init__.py:146: UserWarning: A NumPy version >=1.16.5 and <1.23.0 is required for this version of SciPy (detected version 1.24.3
  warnings.warn(f"A NumPy version >={np_minversion} and <{np_maxversion}"
/homes/55/guangrun/miniconda3/envs/eg3d/lib/python3.9/site-packages/transformers/utils/hub.py:124: FutureWarning: Using `TRANSFORMERS_CACHE` is deprecated and will be removed in v5 of Transformers. Use `HF_HOME` instead.
  warnings.warn(
/homes/55/guangrun/miniconda3/envs/eg3d/lib/python3.9/site-packages/transformers/utils/hub.py:124: FutureWarning: Using `TRANSFORMERS_CACHE` is deprecated and will be removed in v5 of Transformers. Use `HF_HOME` instead.
  warnings.warn(
/homes/55/guangrun/miniconda3/envs/eg3d/lib/python3.9/site-packages/transformers/utils/hub.py:124: FutureWarning: Using `TRANSFORMERS_CACHE` is deprecated and will be removed in v5 of Transformers. Use `HF_HOME` instead.
  warnings.warn(
/homes/55/guangrun/miniconda3/envs/eg3d/lib/python3.9/site-packages/transformers/utils/hub.py:124: FutureWarning: Using `TRANSFORMERS_CACHE` is deprecated and will be removed in v5 of Transformers. Use `HF_HOME` instead.
  warnings.warn(
/homes/55/guangrun/miniconda3/envs/eg3d/lib/python3.9/site-packages/scipy/__init__.py:146: UserWarning: A NumPy version >=1.16.5 and <1.23.0 is required for this version of SciPy (detected version 1.24.3
  warnings.warn(f"A NumPy version >={np_minversion} and <{np_maxversion}"
/homes/55/guangrun/miniconda3/envs/eg3d/lib/python3.9/site-packages/scipy/__init__.py:146: UserWarning: A NumPy version >=1.16.5 and <1.23.0 is required for this version of SciPy (detected version 1.24.3
  warnings.warn(f"A NumPy version >={np_minversion} and <{np_maxversion}"
/homes/55/guangrun/miniconda3/envs/eg3d/lib/python3.9/site-packages/scipy/__init__.py:146: UserWarning: A NumPy version >=1.16.5 and <1.23.0 is required for this version of SciPy (detected version 1.24.3
  warnings.warn(f"A NumPy version >={np_minversion} and <{np_maxversion}"
/homes/55/guangrun/miniconda3/envs/eg3d/lib/python3.9/site-packages/scipy/__init__.py:146: UserWarning: A NumPy version >=1.16.5 and <1.23.0 is required for this version of SciPy (detected version 1.24.3
  warnings.warn(f"A NumPy version >={np_minversion} and <{np_maxversion}"
/homes/55/guangrun/miniconda3/envs/eg3d/lib/python3.9/site-packages/transformers/utils/hub.py:124: FutureWarning: Using `TRANSFORMERS_CACHE` is deprecated and will be removed in v5 of Transformers. Use `HF_HOME` instead.
  warnings.warn(
/homes/55/guangrun/miniconda3/envs/eg3d/lib/python3.9/site-packages/scipy/__init__.py:146: UserWarning: A NumPy version >=1.16.5 and <1.23.0 is required for this version of SciPy (detected version 1.24.3
  warnings.warn(f"A NumPy version >={np_minversion} and <{np_maxversion}"
/homes/55/guangrun/miniconda3/envs/eg3d/lib/python3.9/site-packages/transformers/utils/hub.py:124: FutureWarning: Using `TRANSFORMERS_CACHE` is deprecated and will be removed in v5 of Transformers. Use `HF_HOME` instead.
  warnings.warn(
/homes/55/guangrun/miniconda3/envs/eg3d/lib/python3.9/site-packages/scipy/__init__.py:146: UserWarning: A NumPy version >=1.16.5 and <1.23.0 is required for this version of SciPy (detected version 1.24.3
  warnings.warn(f"A NumPy version >={np_minversion} and <{np_maxversion}"
/homes/55/guangrun/miniconda3/envs/eg3d/lib/python3.9/site-packages/transformers/utils/hub.py:124: FutureWarning: Using `TRANSFORMERS_CACHE` is deprecated and will be removed in v5 of Transformers. Use `HF_HOME` instead.
  warnings.warn(
/homes/55/guangrun/miniconda3/envs/eg3d/lib/python3.9/site-packages/transformers/utils/hub.py:124: FutureWarning: Using `TRANSFORMERS_CACHE` is deprecated and will be removed in v5 of Transformers. Use `HF_HOME` instead.
  warnings.warn(
/homes/55/guangrun/miniconda3/envs/eg3d/lib/python3.9/site-packages/transformers/utils/hub.py:124: FutureWarning: Using `TRANSFORMERS_CACHE` is deprecated and will be removed in v5 of Transformers. Use `HF_HOME` instead.
  warnings.warn(
/homes/55/guangrun/miniconda3/envs/eg3d/lib/python3.9/site-packages/transformers/utils/hub.py:124: FutureWarning: Using `TRANSFORMERS_CACHE` is deprecated and will be removed in v5 of Transformers. Use `HF_HOME` instead.
  warnings.warn(
/homes/55/guangrun/miniconda3/envs/eg3d/lib/python3.9/site-packages/scipy/__init__.py:146: UserWarning: A NumPy version >=1.16.5 and <1.23.0 is required for this version of SciPy (detected version 1.24.3
  warnings.warn(f"A NumPy version >={np_minversion} and <{np_maxversion}"
/homes/55/guangrun/miniconda3/envs/eg3d/lib/python3.9/site-packages/scipy/__init__.py:146: UserWarning: A NumPy version >=1.16.5 and <1.23.0 is required for this version of SciPy (detected version 1.24.3
  warnings.warn(f"A NumPy version >={np_minversion} and <{np_maxversion}"
/homes/55/guangrun/miniconda3/envs/eg3d/lib/python3.9/site-packages/scipy/__init__.py:146: UserWarning: A NumPy version >=1.16.5 and <1.23.0 is required for this version of SciPy (detected version 1.24.3
  warnings.warn(f"A NumPy version >={np_minversion} and <{np_maxversion}"
/homes/55/guangrun/miniconda3/envs/eg3d/lib/python3.9/site-packages/scipy/__init__.py:146: UserWarning: A NumPy version >=1.16.5 and <1.23.0 is required for this version of SciPy (detected version 1.24.3
  warnings.warn(f"A NumPy version >={np_minversion} and <{np_maxversion}"
/homes/55/guangrun/miniconda3/envs/eg3d/lib/python3.9/site-packages/scipy/__init__.py:146: UserWarning: A NumPy version >=1.16.5 and <1.23.0 is required for this version of SciPy (detected version 1.24.3
  warnings.warn(f"A NumPy version >={np_minversion} and <{np_maxversion}"
/homes/55/guangrun/miniconda3/envs/eg3d/lib/python3.9/site-packages/transformers/utils/hub.py:124: FutureWarning: Using `TRANSFORMERS_CACHE` is deprecated and will be removed in v5 of Transformers. Use `HF_HOME` instead.
  warnings.warn(
/homes/55/guangrun/miniconda3/envs/eg3d/lib/python3.9/site-packages/transformers/utils/hub.py:124: FutureWarning: Using `TRANSFORMERS_CACHE` is deprecated and will be removed in v5 of Transformers. Use `HF_HOME` instead.
  warnings.warn(
/homes/55/guangrun/miniconda3/envs/eg3d/lib/python3.9/site-packages/transformers/utils/hub.py:124: FutureWarning: Using `TRANSFORMERS_CACHE` is deprecated and will be removed in v5 of Transformers. Use `HF_HOME` instead.
  warnings.warn(
/homes/55/guangrun/miniconda3/envs/eg3d/lib/python3.9/site-packages/transformers/utils/hub.py:124: FutureWarning: Using `TRANSFORMERS_CACHE` is deprecated and will be removed in v5 of Transformers. Use `HF_HOME` instead.
  warnings.warn(
/homes/55/guangrun/miniconda3/envs/eg3d/lib/python3.9/site-packages/scipy/__init__.py:146: UserWarning: A NumPy version >=1.16.5 and <1.23.0 is required for this version of SciPy (detected version 1.24.3
  warnings.warn(f"A NumPy version >={np_minversion} and <{np_maxversion}"
/homes/55/guangrun/miniconda3/envs/eg3d/lib/python3.9/site-packages/transformers/utils/hub.py:124: FutureWarning: Using `TRANSFORMERS_CACHE` is deprecated and will be removed in v5 of Transformers. Use `HF_HOME` instead.
  warnings.warn(
/homes/55/guangrun/miniconda3/envs/eg3d/lib/python3.9/site-packages/scipy/__init__.py:146: UserWarning: A NumPy version >=1.16.5 and <1.23.0 is required for this version of SciPy (detected version 1.24.3
  warnings.warn(f"A NumPy version >={np_minversion} and <{np_maxversion}"
/homes/55/guangrun/miniconda3/envs/eg3d/lib/python3.9/site-packages/scipy/__init__.py:146: UserWarning: A NumPy version >=1.16.5 and <1.23.0 is required for this version of SciPy (detected version 1.24.3
  warnings.warn(f"A NumPy version >={np_minversion} and <{np_maxversion}"
/homes/55/guangrun/miniconda3/envs/eg3d/lib/python3.9/site-packages/scipy/__init__.py:146: UserWarning: A NumPy version >=1.16.5 and <1.23.0 is required for this version of SciPy (detected version 1.24.3
  warnings.warn(f"A NumPy version >={np_minversion} and <{np_maxversion}"
/homes/55/guangrun/miniconda3/envs/eg3d/lib/python3.9/site-packages/transformers/utils/hub.py:124: FutureWarning: Using `TRANSFORMERS_CACHE` is deprecated and will be removed in v5 of Transformers. Use `HF_HOME` instead.
  warnings.warn(
/homes/55/guangrun/miniconda3/envs/eg3d/lib/python3.9/site-packages/transformers/utils/hub.py:124: FutureWarning: Using `TRANSFORMERS_CACHE` is deprecated and will be removed in v5 of Transformers. Use `HF_HOME` instead.
  warnings.warn(
/homes/55/guangrun/miniconda3/envs/eg3d/lib/python3.9/site-packages/scipy/__init__.py:146: UserWarning: A NumPy version >=1.16.5 and <1.23.0 is required for this version of SciPy (detected version 1.24.3
  warnings.warn(f"A NumPy version >={np_minversion} and <{np_maxversion}"
/homes/55/guangrun/miniconda3/envs/eg3d/lib/python3.9/site-packages/scipy/__init__.py:146: UserWarning: A NumPy version >=1.16.5 and <1.23.0 is required for this version of SciPy (detected version 1.24.3
  warnings.warn(f"A NumPy version >={np_minversion} and <{np_maxversion}"
/homes/55/guangrun/miniconda3/envs/eg3d/lib/python3.9/site-packages/transformers/utils/hub.py:124: FutureWarning: Using `TRANSFORMERS_CACHE` is deprecated and will be removed in v5 of Transformers. Use `HF_HOME` instead.
  warnings.warn(
/homes/55/guangrun/miniconda3/envs/eg3d/lib/python3.9/site-packages/scipy/__init__.py:146: UserWarning: A NumPy version >=1.16.5 and <1.23.0 is required for this version of SciPy (detected version 1.24.3
  warnings.warn(f"A NumPy version >={np_minversion} and <{np_maxversion}"
/homes/55/guangrun/miniconda3/envs/eg3d/lib/python3.9/site-packages/transformers/utils/hub.py:124: FutureWarning: Using `TRANSFORMERS_CACHE` is deprecated and will be removed in v5 of Transformers. Use `HF_HOME` instead.
  warnings.warn(
/homes/55/guangrun/miniconda3/envs/eg3d/lib/python3.9/site-packages/transformers/utils/hub.py:124: FutureWarning: Using `TRANSFORMERS_CACHE` is deprecated and will be removed in v5 of Transformers. Use `HF_HOME` instead.
  warnings.warn(
/homes/55/guangrun/miniconda3/envs/eg3d/lib/python3.9/site-packages/transformers/utils/hub.py:124: FutureWarning: Using `TRANSFORMERS_CACHE` is deprecated and will be removed in v5 of Transformers. Use `HF_HOME` instead.
  warnings.warn(
/homes/55/guangrun/miniconda3/envs/eg3d/lib/python3.9/site-packages/transformers/utils/hub.py:124: FutureWarning: Using `TRANSFORMERS_CACHE` is deprecated and will be removed in v5 of Transformers. Use `HF_HOME` instead.
  warnings.warn(
/homes/55/guangrun/miniconda3/envs/eg3d/lib/python3.9/site-packages/scipy/__init__.py:146: UserWarning: A NumPy version >=1.16.5 and <1.23.0 is required for this version of SciPy (detected version 1.24.3
  warnings.warn(f"A NumPy version >={np_minversion} and <{np_maxversion}"
/homes/55/guangrun/miniconda3/envs/eg3d/lib/python3.9/site-packages/scipy/__init__.py:146: UserWarning: A NumPy version >=1.16.5 and <1.23.0 is required for this version of SciPy (detected version 1.24.3
  warnings.warn(f"A NumPy version >={np_minversion} and <{np_maxversion}"
/homes/55/guangrun/miniconda3/envs/eg3d/lib/python3.9/site-packages/scipy/__init__.py:146: UserWarning: A NumPy version >=1.16.5 and <1.23.0 is required for this version of SciPy (detected version 1.24.3
  warnings.warn(f"A NumPy version >={np_minversion} and <{np_maxversion}"
/homes/55/guangrun/miniconda3/envs/eg3d/lib/python3.9/site-packages/scipy/__init__.py:146: UserWarning: A NumPy version >=1.16.5 and <1.23.0 is required for this version of SciPy (detected version 1.24.3
  warnings.warn(f"A NumPy version >={np_minversion} and <{np_maxversion}"
/homes/55/guangrun/miniconda3/envs/eg3d/lib/python3.9/site-packages/scipy/__init__.py:146: UserWarning: A NumPy version >=1.16.5 and <1.23.0 is required for this version of SciPy (detected version 1.24.3
  warnings.warn(f"A NumPy version >={np_minversion} and <{np_maxversion}"
/homes/55/guangrun/miniconda3/envs/eg3d/lib/python3.9/site-packages/transformers/utils/hub.py:124: FutureWarning: Using `TRANSFORMERS_CACHE` is deprecated and will be removed in v5 of Transformers. Use `HF_HOME` instead.
  warnings.warn(
/homes/55/guangrun/miniconda3/envs/eg3d/lib/python3.9/site-packages/transformers/utils/hub.py:124: FutureWarning: Using `TRANSFORMERS_CACHE` is deprecated and will be removed in v5 of Transformers. Use `HF_HOME` instead.
  warnings.warn(
/homes/55/guangrun/miniconda3/envs/eg3d/lib/python3.9/site-packages/transformers/utils/hub.py:124: FutureWarning: Using `TRANSFORMERS_CACHE` is deprecated and will be removed in v5 of Transformers. Use `HF_HOME` instead.
  warnings.warn(
/homes/55/guangrun/miniconda3/envs/eg3d/lib/python3.9/site-packages/transformers/utils/hub.py:124: FutureWarning: Using `TRANSFORMERS_CACHE` is deprecated and will be removed in v5 of Transformers. Use `HF_HOME` instead.
  warnings.warn(
/homes/55/guangrun/miniconda3/envs/eg3d/lib/python3.9/site-packages/transformers/utils/hub.py:124: FutureWarning: Using `TRANSFORMERS_CACHE` is deprecated and will be removed in v5 of Transformers. Use `HF_HOME` instead.
  warnings.warn(
/homes/55/guangrun/miniconda3/envs/eg3d/lib/python3.9/site-packages/scipy/__init__.py:146: UserWarning: A NumPy version >=1.16.5 and <1.23.0 is required for this version of SciPy (detected version 1.24.3
  warnings.warn(f"A NumPy version >={np_minversion} and <{np_maxversion}"
/homes/55/guangrun/miniconda3/envs/eg3d/lib/python3.9/site-packages/scipy/__init__.py:146: UserWarning: A NumPy version >=1.16.5 and <1.23.0 is required for this version of SciPy (detected version 1.24.3
  warnings.warn(f"A NumPy version >={np_minversion} and <{np_maxversion}"
/homes/55/guangrun/miniconda3/envs/eg3d/lib/python3.9/site-packages/scipy/__init__.py:146: UserWarning: A NumPy version >=1.16.5 and <1.23.0 is required for this version of SciPy (detected version 1.24.3
  warnings.warn(f"A NumPy version >={np_minversion} and <{np_maxversion}"
/homes/55/guangrun/miniconda3/envs/eg3d/lib/python3.9/site-packages/scipy/__init__.py:146: UserWarning: A NumPy version >=1.16.5 and <1.23.0 is required for this version of SciPy (detected version 1.24.3
  warnings.warn(f"A NumPy version >={np_minversion} and <{np_maxversion}"
/homes/55/guangrun/miniconda3/envs/eg3d/lib/python3.9/site-packages/scipy/__init__.py:146: UserWarning: A NumPy version >=1.16.5 and <1.23.0 is required for this version of SciPy (detected version 1.24.3
  warnings.warn(f"A NumPy version >={np_minversion} and <{np_maxversion}"
/homes/55/guangrun/miniconda3/envs/eg3d/lib/python3.9/site-packages/transformers/utils/hub.py:124: FutureWarning: Using `TRANSFORMERS_CACHE` is deprecated and will be removed in v5 of Transformers. Use `HF_HOME` instead.
  warnings.warn(
/homes/55/guangrun/miniconda3/envs/eg3d/lib/python3.9/site-packages/transformers/utils/hub.py:124: FutureWarning: Using `TRANSFORMERS_CACHE` is deprecated and will be removed in v5 of Transformers. Use `HF_HOME` instead.
  warnings.warn(
/homes/55/guangrun/miniconda3/envs/eg3d/lib/python3.9/site-packages/transformers/utils/hub.py:124: FutureWarning: Using `TRANSFORMERS_CACHE` is deprecated and will be removed in v5 of Transformers. Use `HF_HOME` instead.
  warnings.warn(
/homes/55/guangrun/miniconda3/envs/eg3d/lib/python3.9/site-packages/transformers/utils/hub.py:124: FutureWarning: Using `TRANSFORMERS_CACHE` is deprecated and will be removed in v5 of Transformers. Use `HF_HOME` instead.
  warnings.warn(
/homes/55/guangrun/miniconda3/envs/eg3d/lib/python3.9/site-packages/transformers/utils/hub.py:124: FutureWarning: Using `TRANSFORMERS_CACHE` is deprecated and will be removed in v5 of Transformers. Use `HF_HOME` instead.
  warnings.warn(
/homes/55/guangrun/miniconda3/envs/eg3d/lib/python3.9/site-packages/scipy/__init__.py:146: UserWarning: A NumPy version >=1.16.5 and <1.23.0 is required for this version of SciPy (detected version 1.24.3
  warnings.warn(f"A NumPy version >={np_minversion} and <{np_maxversion}"
/homes/55/guangrun/miniconda3/envs/eg3d/lib/python3.9/site-packages/transformers/utils/hub.py:124: FutureWarning: Using `TRANSFORMERS_CACHE` is deprecated and will be removed in v5 of Transformers. Use `HF_HOME` instead.
  warnings.warn(
/homes/55/guangrun/miniconda3/envs/eg3d/lib/python3.9/site-packages/scipy/__init__.py:146: UserWarning: A NumPy version >=1.16.5 and <1.23.0 is required for this version of SciPy (detected version 1.24.3
  warnings.warn(f"A NumPy version >={np_minversion} and <{np_maxversion}"
/homes/55/guangrun/miniconda3/envs/eg3d/lib/python3.9/site-packages/transformers/utils/hub.py:124: FutureWarning: Using `TRANSFORMERS_CACHE` is deprecated and will be removed in v5 of Transformers. Use `HF_HOME` instead.
  warnings.warn(

Num images:  99411
Image shape: [3, 128, 128]
Label shape: [1000]

Constructing networks...
Setting up PyTorch plugin "bias_act_plugin"... Done.
Setting up PyTorch plugin "upfirdn2d_plugin"... Done.

TriPlaneGenerator              Parameters  Buffers  Output shape        Datatype
---                            ---         ---      ---                 ---     
backbone.mapping.embed         512512      -        [8, 512]            float32 
backbone.mapping.fc0           524800      -        [8, 512]            float32 
backbone.mapping.fc1           262656      -        [8, 512]            float32 
backbone.mapping               -           512      [8, 14, 512]        float32 
ray_sampler:0                  -           -        [8, 4096, 3]        float32 
ray_sampler:1                  -           -        [8, 4096, 3]        float32 
backbone.synthesis.b4.conv1    2622465     32       [8, 512, 4, 4]      float32 
backbone.synthesis.b4.torgb    311904      -        [8, 96, 4, 4]       float32 
backbone.synthesis.b4:0        8192        16       [8, 512, 4, 4]      float32 
backbone.synthesis.b4:1        -           -        [8, 96, 4, 4]       float32 
backbone.synthesis.b8.conv0    2622465     80       [8, 512, 8, 8]      float32 
backbone.synthesis.b8.conv1    2622465     80       [8, 512, 8, 8]      float32 
backbone.synthesis.b8.torgb    311904      -        [8, 96, 8, 8]       float32 
backbone.synthesis.b8:0        -           16       [8, 512, 8, 8]      float32 
backbone.synthesis.b8:1        -           -        [8, 96, 8, 8]       float32 
backbone.synthesis.b16.conv0   2622465     272      [8, 512, 16, 16]    float32 
backbone.synthesis.b16.conv1   2622465     272      [8, 512, 16, 16]    float32 
backbone.synthesis.b16.torgb   311904      -        [8, 96, 16, 16]     float32 
backbone.synthesis.b16:0       -           16       [8, 512, 16, 16]    float32 
backbone.synthesis.b16:1       -           -        [8, 96, 16, 16]     float32 
backbone.synthesis.b32.conv0   2622465     1040     [8, 512, 32, 32]    float32 
backbone.synthesis.b32.conv1   2622465     1040     [8, 512, 32, 32]    float32 
backbone.synthesis.b32.torgb   311904      -        [8, 96, 32, 32]     float32 
backbone.synthesis.b32:0       -           16       [8, 512, 32, 32]    float32 
backbone.synthesis.b32:1       -           -        [8, 96, 32, 32]     float32 
backbone.synthesis.b64.conv0   2622465     4112     [8, 512, 64, 64]    float32 
backbone.synthesis.b64.conv1   2622465     4112     [8, 512, 64, 64]    float32 
backbone.synthesis.b64.torgb   311904      -        [8, 96, 64, 64]     float32 
backbone.synthesis.b64:0       -           16       [8, 512, 64, 64]    float32 
backbone.synthesis.b64:1       -           -        [8, 96, 64, 64]     float32 
backbone.synthesis.b128.conv0  1442561     16400    [8, 256, 128, 128]  float32 
backbone.synthesis.b128.conv1  721409      16400    [8, 256, 128, 128]  float32 
backbone.synthesis.b128.torgb  156000      -        [8, 96, 128, 128]   float32 
backbone.synthesis.b128:0      -           16       [8, 256, 128, 128]  float32 
backbone.synthesis.b128:1      -           -        [8, 96, 128, 128]   float32 
backbone.synthesis.b256.conv0  426369      65552    [8, 128, 256, 256]  float32 
backbone.synthesis.b256.conv1  213249      65552    [8, 128, 256, 256]  float32 
backbone.synthesis.b256.torgb  78048       -        [8, 96, 256, 256]   float32 
backbone.synthesis.b256:0      -           16       [8, 128, 256, 256]  float32 
backbone.synthesis.b256:1      -           -        [8, 96, 256, 256]   float32 
decoder.net                    4257        -        [2097152, 33]       float32 
renderer.ray_marcher:0         -           -        [8, 4096, 32]       float32 
renderer.ray_marcher:1         -           -        [8, 4096, 1]        float32 
renderer.ray_marcher:2         -           -        [8, 4096, 63, 1]    float32 
decoder.net                    -           -        [2097152, 33]       float32 
renderer.ray_marcher:0         -           -        [8, 4096, 32]       float32 
renderer.ray_marcher:1         -           -        [8, 4096, 1]        float32 
renderer.ray_marcher:2         -           -        [8, 4096, 127, 1]   float32 
renderer:0                     -           -        [8, 4096, 32]       float32 
renderer:1                     -           -        [8, 4096, 1]        float32 
renderer:2                     -           -        [8, 4096, 1]        float32 
superresolution.block0.conv0   53409       4112     [8, 128, 64, 64]    float16 
superresolution.block0.conv1   213249      4112     [8, 128, 64, 64]    float16 
superresolution.block0.torgb   66051       -        [8, 3, 64, 64]      float16 
superresolution.block0:0       -           16       [8, 128, 64, 64]    float16 
superresolution.block0:1       -           -        [8, 3, 64, 64]      float32 
superresolution.block1.conv0   139457      16400    [8, 64, 128, 128]   float16 
superresolution.block1.conv1   69761       16400    [8, 64, 128, 128]   float16 
superresolution.block1.torgb   33027       -        [8, 3, 128, 128]    float16 
superresolution.block1:0       -           16       [8, 64, 128, 128]   float16 
superresolution.block1:1       -           -        [8, 3, 128, 128]    float32 
superresolution                -           16       [8, 3, 128, 128]    float32 
<top-level>                    -           1000     -                   -       
---                            ---         ---      ---                 ---     
Total                          30086712    217640   -                   -       


DualDiscriminator  Parameters  Buffers  Output shape        Datatype
---                ---         ---      ---                 ---     
b128.fromrgb       1792        16       [8, 256, 128, 128]  float16 
b128.skip          131072      16       [8, 512, 64, 64]    float16 
b128.conv0         590080      16       [8, 256, 128, 128]  float16 
b128.conv1         1180160     16       [8, 512, 64, 64]    float16 
b128               -           16       [8, 512, 64, 64]    float16 
b64.skip           262144      16       [8, 512, 32, 32]    float16 
b64.conv0          2359808     16       [8, 512, 64, 64]    float16 
b64.conv1          2359808     16       [8, 512, 32, 32]    float16 
b64                -           16       [8, 512, 32, 32]    float16 
b32.skip           262144      16       [8, 512, 16, 16]    float16 
b32.conv0          2359808     16       [8, 512, 32, 32]    float16 
b32.conv1          2359808     16       [8, 512, 16, 16]    float16 
b32                -           16       [8, 512, 16, 16]    float16 
b16.skip           262144      16       [8, 512, 8, 8]      float16 
b16.conv0          2359808     16       [8, 512, 16, 16]    float16 
b16.conv1          2359808     16       [8, 512, 8, 8]      float16 
b16                -           16       [8, 512, 8, 8]      float16 
b8.skip            262144      16       [8, 512, 4, 4]      float32 
b8.conv0           2359808     16       [8, 512, 8, 8]      float32 
b8.conv1           2359808     16       [8, 512, 4, 4]      float32 
b8                 -           16       [8, 512, 4, 4]      float32 
mapping.embed      512512      -        [8, 512]            float32 
mapping.fc0        262656      -        [8, 512]            float32 
mapping.fc1        262656      -        [8, 512]            float32 
mapping.fc2        262656      -        [8, 512]            float32 
mapping.fc3        262656      -        [8, 512]            float32 
mapping.fc4        262656      -        [8, 512]            float32 
mapping.fc5        262656      -        [8, 512]            float32 
mapping.fc6        262656      -        [8, 512]            float32 
mapping.fc7        262656      -        [8, 512]            float32 
b4.mbstd           -           -        [8, 513, 4, 4]      float32 
b4.conv            2364416     16       [8, 512, 4, 4]      float32 
b4.fc              4194816     -        [8, 512]            float32 
b4.out             262656      -        [8, 512]            float32 
b4                 -           -        [8, 1]              float32 
<top-level>        -           16       [8, 1]              float32 
---                ---         ---      ---                 ---     
Total              31265792    368      -                   -       

Setting up augmentation...
Distributing across 5 GPUs...
Setting up training phases...
Exporting sample images...
Initializing logs...
Training for 25000 kimg...

tick 0     kimg 0.0      time 1m 35s       sec/tick 13.0    sec/kimg 325.27  maintenance 82.0   cpumem 6.60   gpumem 35.74  reserved 39.50  augment 0.000
tick 1     kimg 4.0      time 4m 43s       sec/tick 122.3   sec/kimg 30.58   maintenance 65.6   cpumem 7.03   gpumem 19.92  reserved 34.48  augment 0.000
tick 2     kimg 8.0      time 6m 48s       sec/tick 123.3   sec/kimg 30.83   maintenance 1.9    cpumem 7.04   gpumem 12.25  reserved 13.84  augment 0.001
tick 3     kimg 12.0     time 8m 52s       sec/tick 121.4   sec/kimg 30.36   maintenance 2.4    cpumem 7.04   gpumem 12.25  reserved 13.84  augment 0.004
tick 4     kimg 16.0     time 10m 58s      sec/tick 122.5   sec/kimg 30.62   maintenance 3.3    cpumem 7.04   gpumem 12.25  reserved 13.84  augment 0.009
tick 5     kimg 20.0     time 13m 01s      sec/tick 121.3   sec/kimg 30.34   maintenance 1.8    cpumem 7.04   gpumem 12.25  reserved 13.84  augment 0.016
tick 6     kimg 24.0     time 15m 03s      sec/tick 120.8   sec/kimg 30.19   maintenance 1.5    cpumem 7.04   gpumem 12.25  reserved 13.84  augment 0.022
tick 7     kimg 28.0     time 17m 05s      sec/tick 120.6   sec/kimg 30.15   maintenance 1.4    cpumem 7.04   gpumem 12.25  reserved 13.84  augment 0.027
tick 8     kimg 32.0     time 19m 12s      sec/tick 124.2   sec/kimg 31.05   maintenance 2.7    cpumem 7.04   gpumem 12.25  reserved 13.84  augment 0.033
tick 9     kimg 36.0     time 21m 15s      sec/tick 121.6   sec/kimg 30.40   maintenance 1.5    cpumem 7.04   gpumem 12.25  reserved 13.84  augment 0.037
tick 10    kimg 40.0     time 23m 19s      sec/tick 121.6   sec/kimg 30.40   maintenance 2.5    cpumem 7.04   gpumem 12.25  reserved 13.84  augment 0.044
tick 11    kimg 44.0     time 25m 23s      sec/tick 121.6   sec/kimg 30.40   maintenance 1.8    cpumem 7.04   gpumem 12.25  reserved 13.84  augment 0.050
tick 12    kimg 48.0     time 27m 26s      sec/tick 120.5   sec/kimg 30.13   maintenance 2.7    cpumem 7.04   gpumem 12.25  reserved 13.84  augment 0.055
tick 13    kimg 52.0     time 29m 31s      sec/tick 122.5   sec/kimg 30.63   maintenance 2.5    cpumem 7.04   gpumem 12.25  reserved 13.84  augment 0.060
tick 14    kimg 56.0     time 31m 32s      sec/tick 120.2   sec/kimg 30.06   maintenance 1.4    cpumem 7.04   gpumem 12.25  reserved 13.84  augment 0.066
tick 15    kimg 60.0     time 33m 35s      sec/tick 120.7   sec/kimg 30.18   maintenance 2.3    cpumem 7.04   gpumem 12.25  reserved 13.84  augment 0.072
tick 16    kimg 64.0     time 35m 40s      sec/tick 121.3   sec/kimg 30.32   maintenance 3.2    cpumem 7.04   gpumem 12.25  reserved 13.84  augment 0.079
tick 17    kimg 68.0     time 37m 43s      sec/tick 121.3   sec/kimg 30.32   maintenance 1.9    cpumem 7.04   gpumem 12.25  reserved 13.84  augment 0.084
tick 18    kimg 72.0     time 39m 46s      sec/tick 121.0   sec/kimg 30.25   maintenance 2.2    cpumem 7.04   gpumem 12.25  reserved 13.84  augment 0.090
tick 19    kimg 76.0     time 41m 50s      sec/tick 121.1   sec/kimg 30.28   maintenance 2.5    cpumem 7.04   gpumem 12.25  reserved 13.84  augment 0.094
tick 20    kimg 80.0     time 43m 52s      sec/tick 121.1   sec/kimg 30.27   maintenance 1.4    cpumem 7.04   gpumem 12.25  reserved 13.84  augment 0.099
tick 21    kimg 84.0     time 45m 55s      sec/tick 121.3   sec/kimg 30.32   maintenance 1.5    cpumem 7.04   gpumem 12.25  reserved 13.84  augment 0.105
tick 22    kimg 88.0     time 47m 59s      sec/tick 122.8   sec/kimg 30.71   maintenance 1.4    cpumem 7.04   gpumem 12.25  reserved 13.84  augment 0.110
tick 23    kimg 92.0     time 50m 03s      sec/tick 121.3   sec/kimg 30.32   maintenance 2.9    cpumem 7.04   gpumem 12.25  reserved 13.84  augment 0.113
tick 24    kimg 96.0     time 52m 07s      sec/tick 121.4   sec/kimg 30.35   maintenance 2.6    cpumem 7.04   gpumem 12.25  reserved 13.84  augment 0.119
tick 25    kimg 100.0    time 54m 10s      sec/tick 120.8   sec/kimg 30.20   maintenance 1.7    cpumem 7.04   gpumem 12.25  reserved 13.84  augment 0.125
tick 26    kimg 104.0    time 56m 14s      sec/tick 120.8   sec/kimg 30.21   maintenance 2.7    cpumem 7.04   gpumem 12.25  reserved 13.84  augment 0.131
tick 27    kimg 108.0    time 58m 17s      sec/tick 121.1   sec/kimg 30.28   maintenance 2.1    cpumem 7.04   gpumem 12.25  reserved 13.84  augment 0.137
tick 28    kimg 112.0    time 1h 00m 21s   sec/tick 121.5   sec/kimg 30.38   maintenance 2.5    cpumem 7.04   gpumem 12.25  reserved 13.84  augment 0.142
tick 29    kimg 116.0    time 1h 02m 24s   sec/tick 121.8   sec/kimg 30.46   maintenance 1.5    cpumem 7.04   gpumem 12.25  reserved 13.84  augment 0.148
tick 30    kimg 120.0    time 1h 04m 28s   sec/tick 121.7   sec/kimg 30.43   maintenance 1.7    cpumem 7.04   gpumem 12.25  reserved 13.84  augment 0.153
tick 31    kimg 124.0    time 1h 06m 32s   sec/tick 121.4   sec/kimg 30.35   maintenance 3.0    cpumem 7.04   gpumem 12.25  reserved 13.84  augment 0.159
tick 32    kimg 128.0    time 1h 08m 35s   sec/tick 121.4   sec/kimg 30.34   maintenance 1.9    cpumem 7.04   gpumem 12.25  reserved 13.84  augment 0.164
tick 33    kimg 132.0    time 1h 10m 39s   sec/tick 122.1   sec/kimg 30.52   maintenance 1.5    cpumem 7.04   gpumem 12.25  reserved 13.84  augment 0.171
tick 34    kimg 136.0    time 1h 12m 41s   sec/tick 121.3   sec/kimg 30.33   maintenance 1.2    cpumem 7.04   gpumem 12.25  reserved 13.84  augment 0.175
tick 35    kimg 140.0    time 1h 14m 44s   sec/tick 121.1   sec/kimg 30.28   maintenance 1.5    cpumem 7.04   gpumem 12.25  reserved 13.84  augment 0.181
tick 36    kimg 144.0    time 1h 16m 47s   sec/tick 121.6   sec/kimg 30.41   maintenance 1.8    cpumem 7.04   gpumem 12.25  reserved 13.84  augment 0.186
tick 37    kimg 148.0    time 1h 18m 50s   sec/tick 121.0   sec/kimg 30.26   maintenance 1.2    cpumem 7.04   gpumem 12.25  reserved 13.84  augment 0.186
tick 38    kimg 152.0    time 1h 20m 53s   sec/tick 121.4   sec/kimg 30.34   maintenance 1.7    cpumem 7.04   gpumem 12.25  reserved 13.84  augment 0.183
tick 39    kimg 156.0    time 1h 22m 55s   sec/tick 121.3   sec/kimg 30.33   maintenance 1.2    cpumem 7.04   gpumem 12.25  reserved 13.84  augment 0.181
tick 40    kimg 160.0    time 1h 24m 59s   sec/tick 122.5   sec/kimg 30.63   maintenance 1.4    cpumem 7.04   gpumem 12.25  reserved 13.84  augment 0.176
tick 41    kimg 164.0    time 1h 27m 02s   sec/tick 121.3   sec/kimg 30.33   maintenance 1.5    cpumem 7.04   gpumem 12.25  reserved 13.84  augment 0.169
tick 42    kimg 168.0    time 1h 29m 06s   sec/tick 122.6   sec/kimg 30.64   maintenance 1.3    cpumem 7.04   gpumem 12.25  reserved 13.84  augment 0.161
tick 43    kimg 172.0    time 1h 31m 09s   sec/tick 120.5   sec/kimg 30.13   maintenance 2.3    cpumem 7.04   gpumem 12.25  reserved 13.84  augment 0.155
tick 44    kimg 176.0    time 1h 33m 12s   sec/tick 121.8   sec/kimg 30.45   maintenance 1.8    cpumem 7.04   gpumem 12.25  reserved 13.84  augment 0.147
tick 45    kimg 180.0    time 1h 35m 15s   sec/tick 121.5   sec/kimg 30.37   maintenance 1.2    cpumem 7.04   gpumem 12.25  reserved 13.84  augment 0.139
tick 46    kimg 184.0    time 1h 37m 20s   sec/tick 121.9   sec/kimg 30.48   maintenance 3.1    cpumem 7.04   gpumem 12.25  reserved 13.84  augment 0.132
tick 47    kimg 188.0    time 1h 39m 22s   sec/tick 120.7   sec/kimg 30.18   maintenance 1.4    cpumem 7.04   gpumem 12.25  reserved 13.84  augment 0.125
tick 48    kimg 192.0    time 1h 41m 28s   sec/tick 121.7   sec/kimg 30.44   maintenance 4.0    cpumem 7.04   gpumem 12.25  reserved 13.84  augment 0.117
tick 49    kimg 196.0    time 1h 43m 33s   sec/tick 121.7   sec/kimg 30.42   maintenance 4.0    cpumem 7.04   gpumem 12.25  reserved 13.84  augment 0.110
tick 50    kimg 200.0    time 1h 45m 38s   sec/tick 121.4   sec/kimg 30.36   maintenance 3.2    cpumem 7.04   gpumem 12.25  reserved 13.84  augment 0.103
tick 51    kimg 204.0    time 1h 48m 45s   sec/tick 122.3   sec/kimg 30.58   maintenance 64.5   cpumem 6.99   gpumem 12.25  reserved 13.84  augment 0.096
tick 52    kimg 208.0    time 1h 50m 50s   sec/tick 121.9   sec/kimg 30.47   maintenance 3.4    cpumem 6.99   gpumem 12.25  reserved 13.84  augment 0.088
tick 53    kimg 212.0    time 1h 52m 55s   sec/tick 122.3   sec/kimg 30.57   maintenance 2.6    cpumem 6.99   gpumem 12.25  reserved 13.84  augment 0.080
tick 54    kimg 216.0    time 1h 55m 00s   sec/tick 122.0   sec/kimg 30.51   maintenance 3.3    cpumem 6.99   gpumem 12.25  reserved 13.84  augment 0.072
tick 55    kimg 220.0    time 1h 57m 05s   sec/tick 121.0   sec/kimg 30.26   maintenance 3.7    cpumem 6.99   gpumem 12.25  reserved 13.84  augment 0.065
tick 56    kimg 224.0    time 1h 59m 09s   sec/tick 121.7   sec/kimg 30.44   maintenance 2.2    cpumem 6.99   gpumem 12.25  reserved 13.84  augment 0.057
tick 57    kimg 228.0    time 2h 01m 15s   sec/tick 122.3   sec/kimg 30.56   maintenance 3.1    cpumem 6.99   gpumem 12.25  reserved 13.84  augment 0.049
tick 58    kimg 232.0    time 2h 03m 17s   sec/tick 121.0   sec/kimg 30.24   maintenance 1.2    cpumem 6.99   gpumem 12.25  reserved 13.84  augment 0.042
tick 59    kimg 236.0    time 2h 05m 22s   sec/tick 121.9   sec/kimg 30.48   maintenance 3.8    cpumem 6.99   gpumem 12.25  reserved 13.84  augment 0.034
tick 60    kimg 240.0    time 2h 07m 28s   sec/tick 121.8   sec/kimg 30.44   maintenance 4.2    cpumem 6.99   gpumem 12.25  reserved 13.84  augment 0.026
tick 61    kimg 244.0    time 2h 09m 33s   sec/tick 121.1   sec/kimg 30.27   maintenance 3.4    cpumem 6.99   gpumem 12.25  reserved 13.84  augment 0.020
tick 62    kimg 248.0    time 2h 11m 37s   sec/tick 120.7   sec/kimg 30.19   maintenance 3.6    cpumem 6.99   gpumem 12.25  reserved 13.84  augment 0.015
tick 63    kimg 252.0    time 2h 13m 43s   sec/tick 121.5   sec/kimg 30.38   maintenance 4.0    cpumem 6.99   gpumem 12.25  reserved 13.84  augment 0.008
tick 64    kimg 256.0    time 2h 15m 48s   sec/tick 121.4   sec/kimg 30.34   maintenance 3.6    cpumem 6.99   gpumem 12.25  reserved 13.84  augment 0.002
tick 65    kimg 260.0    time 2h 17m 51s   sec/tick 120.7   sec/kimg 30.18   maintenance 2.9    cpumem 6.99   gpumem 12.25  reserved 13.84  augment 0.000
tick 66    kimg 264.0    time 2h 19m 55s   sec/tick 121.2   sec/kimg 30.29   maintenance 2.0    cpumem 6.99   gpumem 12.25  reserved 13.84  augment 0.000
tick 67    kimg 268.0    time 2h 22m 00s   sec/tick 120.5   sec/kimg 30.12   maintenance 4.7    cpumem 6.99   gpumem 12.25  reserved 13.84  augment 0.000
tick 68    kimg 272.0    time 2h 24m 04s   sec/tick 121.3   sec/kimg 30.32   maintenance 2.8    cpumem 6.99   gpumem 12.25  reserved 13.84  augment 0.000
tick 69    kimg 276.0    time 2h 26m 09s   sec/tick 122.0   sec/kimg 30.49   maintenance 2.9    cpumem 6.99   gpumem 12.25  reserved 13.84  augment 0.000
tick 70    kimg 280.0    time 2h 28m 16s   sec/tick 123.2   sec/kimg 30.79   maintenance 3.7    cpumem 6.99   gpumem 12.25  reserved 13.84  augment 0.001
tick 71    kimg 284.0    time 2h 30m 18s   sec/tick 121.4   sec/kimg 30.35   maintenance 1.3    cpumem 6.99   gpumem 12.25  reserved 13.84  augment 0.000
tick 72    kimg 288.0    time 2h 32m 23s   sec/tick 121.4   sec/kimg 30.34   maintenance 3.5    cpumem 6.99   gpumem 12.25  reserved 13.84  augment 0.000
tick 73    kimg 292.0    time 2h 34m 27s   sec/tick 122.4   sec/kimg 30.59   maintenance 1.4    cpumem 6.99   gpumem 12.25  reserved 13.84  augment 0.000
tick 74    kimg 296.0    time 2h 36m 32s   sec/tick 121.7   sec/kimg 30.41   maintenance 3.7    cpumem 6.99   gpumem 12.25  reserved 13.84  augment 0.000
tick 75    kimg 300.0    time 2h 38m 36s   sec/tick 121.6   sec/kimg 30.41   maintenance 1.5    cpumem 6.99   gpumem 12.25  reserved 13.84  augment 0.000
tick 76    kimg 304.0    time 2h 40m 38s   sec/tick 120.9   sec/kimg 30.21   maintenance 1.8    cpumem 6.99   gpumem 12.25  reserved 13.84  augment 0.001
tick 77    kimg 308.0    time 2h 42m 42s   sec/tick 120.7   sec/kimg 30.17   maintenance 3.1    cpumem 6.99   gpumem 12.25  reserved 13.84  augment 0.000
tick 78    kimg 312.0    time 2h 44m 46s   sec/tick 120.6   sec/kimg 30.15   maintenance 3.3    cpumem 6.99   gpumem 12.25  reserved 13.84  augment 0.000
tick 79    kimg 316.0    time 2h 46m 50s   sec/tick 120.8   sec/kimg 30.20   maintenance 2.8    cpumem 6.99   gpumem 12.25  reserved 13.84  augment 0.002
tick 80    kimg 320.0    time 2h 48m 54s   sec/tick 120.9   sec/kimg 30.23   maintenance 3.3    cpumem 6.99   gpumem 12.25  reserved 13.84  augment 0.000
tick 81    kimg 324.0    time 2h 50m 58s   sec/tick 121.2   sec/kimg 30.29   maintenance 3.2    cpumem 6.99   gpumem 12.25  reserved 13.84  augment 0.000
tick 82    kimg 328.0    time 2h 53m 03s   sec/tick 122.4   sec/kimg 30.60   maintenance 2.7    cpumem 6.99   gpumem 12.25  reserved 13.84  augment 0.003
tick 83    kimg 332.0    time 2h 55m 08s   sec/tick 121.5   sec/kimg 30.38   maintenance 2.8    cpumem 6.99   gpumem 12.25  reserved 13.84  augment 0.000
tick 84    kimg 336.0    time 2h 57m 12s   sec/tick 121.0   sec/kimg 30.24   maintenance 3.3    cpumem 6.99   gpumem 12.25  reserved 13.84  augment 0.000
tick 85    kimg 340.0    time 2h 59m 16s   sec/tick 121.2   sec/kimg 30.30   maintenance 3.2    cpumem 6.99   gpumem 12.25  reserved 13.84  augment 0.001
tick 86    kimg 344.0    time 3h 01m 20s   sec/tick 120.3   sec/kimg 30.08   maintenance 3.1    cpumem 6.99   gpumem 12.25  reserved 13.84  augment 0.001
tick 87    kimg 348.0    time 3h 03m 24s   sec/tick 121.0   sec/kimg 30.25   maintenance 3.2    cpumem 6.99   gpumem 12.25  reserved 13.84  augment 0.001
tick 88    kimg 352.0    time 3h 05m 29s   sec/tick 121.6   sec/kimg 30.40   maintenance 3.3    cpumem 6.99   gpumem 12.25  reserved 13.84  augment 0.003
tick 89    kimg 356.0    time 3h 07m 33s   sec/tick 121.1   sec/kimg 30.27   maintenance 3.5    cpumem 6.99   gpumem 12.25  reserved 13.84  augment 0.000
tick 90    kimg 360.0    time 3h 09m 37s   sec/tick 120.6   sec/kimg 30.15   maintenance 2.8    cpumem 6.99   gpumem 12.25  reserved 13.84  augment 0.002
tick 91    kimg 364.0    time 3h 11m 40s   sec/tick 121.0   sec/kimg 30.26   maintenance 2.2    cpumem 6.99   gpumem 12.25  reserved 13.84  augment 0.002
tick 92    kimg 368.0    time 3h 13m 44s   sec/tick 120.8   sec/kimg 30.20   maintenance 2.8    cpumem 6.99   gpumem 12.25  reserved 13.84  augment 0.002
tick 93    kimg 372.0    time 3h 15m 48s   sec/tick 121.1   sec/kimg 30.28   maintenance 3.0    cpumem 6.99   gpumem 12.25  reserved 13.84  augment 0.001
tick 94    kimg 376.0    time 3h 17m 50s   sec/tick 121.3   sec/kimg 30.32   maintenance 1.4    cpumem 6.99   gpumem 12.25  reserved 13.84  augment 0.000
tick 95    kimg 380.0    time 3h 19m 53s   sec/tick 121.2   sec/kimg 30.31   maintenance 1.0    cpumem 6.99   gpumem 12.25  reserved 13.84  augment 0.002
tick 96    kimg 384.0    time 3h 21m 54s   sec/tick 121.1   sec/kimg 30.28   maintenance 0.5    cpumem 6.99   gpumem 12.25  reserved 13.84  augment 0.004
tick 97    kimg 388.0    time 3h 23m 56s   sec/tick 120.8   sec/kimg 30.19   maintenance 0.5    cpumem 6.99   gpumem 12.25  reserved 13.84  augment 0.007
tick 98    kimg 392.0    time 3h 25m 57s   sec/tick 121.0   sec/kimg 30.25   maintenance 0.4    cpumem 6.99   gpumem 12.25  reserved 13.84  augment 0.009
tick 99    kimg 396.0    time 3h 27m 59s   sec/tick 121.5   sec/kimg 30.37   maintenance 0.4    cpumem 6.99   gpumem 12.25  reserved 13.84  augment 0.011
tick 100   kimg 400.0    time 3h 30m 01s   sec/tick 120.9   sec/kimg 30.23   maintenance 1.1    cpumem 6.99   gpumem 12.25  reserved 13.84  augment 0.015
tick 101   kimg 404.0    time 3h 33m 00s   sec/tick 120.8   sec/kimg 30.20   maintenance 57.9   cpumem 6.99   gpumem 12.25  reserved 13.84  augment 0.016
tick 102   kimg 408.0    time 3h 35m 03s   sec/tick 120.9   sec/kimg 30.23   maintenance 2.5    cpumem 6.99   gpumem 12.25  reserved 13.84  augment 0.017
tick 103   kimg 412.0    time 3h 37m 05s   sec/tick 120.1   sec/kimg 30.02   maintenance 1.7    cpumem 6.99   gpumem 12.25  reserved 13.84  augment 0.019
tick 104   kimg 416.0    time 3h 39m 06s   sec/tick 120.4   sec/kimg 30.10   maintenance 0.4    cpumem 6.99   gpumem 12.25  reserved 13.84  augment 0.021
tick 105   kimg 420.0    time 3h 41m 06s   sec/tick 120.3   sec/kimg 30.07   maintenance 0.5    cpumem 6.99   gpumem 12.25  reserved 13.84  augment 0.025
tick 106   kimg 424.0    time 3h 43m 10s   sec/tick 121.3   sec/kimg 30.33   maintenance 2.4    cpumem 6.99   gpumem 12.25  reserved 13.84  augment 0.029
tick 107   kimg 428.0    time 3h 45m 11s   sec/tick 120.7   sec/kimg 30.17   maintenance 0.4    cpumem 6.99   gpumem 12.25  reserved 13.84  augment 0.033
tick 108   kimg 432.0    time 3h 47m 14s   sec/tick 121.1   sec/kimg 30.28   maintenance 2.1    cpumem 6.99   gpumem 12.25  reserved 13.84  augment 0.034
tick 109   kimg 436.0    time 3h 49m 18s   sec/tick 121.2   sec/kimg 30.31   maintenance 2.5    cpumem 6.99   gpumem 12.25  reserved 13.84  augment 0.034
tick 110   kimg 440.0    time 3h 51m 22s   sec/tick 121.3   sec/kimg 30.32   maintenance 2.1    cpumem 6.99   gpumem 12.25  reserved 13.84  augment 0.038
tick 111   kimg 444.0    time 3h 53m 22s   sec/tick 120.0   sec/kimg 30.00   maintenance 0.4    cpumem 6.99   gpumem 12.25  reserved 13.84  augment 0.039
tick 112   kimg 448.0    time 3h 55m 23s   sec/tick 120.2   sec/kimg 30.04   maintenance 0.4    cpumem 6.99   gpumem 12.25  reserved 13.84  augment 0.042
tick 113   kimg 452.0    time 3h 57m 25s   sec/tick 120.4   sec/kimg 30.10   maintenance 2.0    cpumem 6.99   gpumem 12.25  reserved 13.84  augment 0.041
tick 114   kimg 456.0    time 3h 59m 25s   sec/tick 120.0   sec/kimg 30.00   maintenance 0.5    cpumem 6.99   gpumem 12.25  reserved 13.84  augment 0.044
tick 115   kimg 460.0    time 4h 01m 26s   sec/tick 119.8   sec/kimg 29.94   maintenance 0.4    cpumem 6.99   gpumem 12.25  reserved 13.84  augment 0.044
tick 116   kimg 464.0    time 4h 03m 27s   sec/tick 121.4   sec/kimg 30.35   maintenance 0.4    cpumem 6.99   gpumem 12.25  reserved 13.84  augment 0.044
tick 117   kimg 468.0    time 4h 05m 31s   sec/tick 121.2   sec/kimg 30.30   maintenance 2.4    cpumem 6.99   gpumem 12.25  reserved 13.84  augment 0.046
tick 118   kimg 472.0    time 4h 07m 32s   sec/tick 120.8   sec/kimg 30.21   maintenance 0.4    cpumem 6.99   gpumem 12.25  reserved 13.84  augment 0.049
tick 119   kimg 476.0    time 4h 09m 35s   sec/tick 120.1   sec/kimg 30.02   maintenance 2.8    cpumem 6.99   gpumem 12.25  reserved 13.84  augment 0.051
tick 120   kimg 480.0    time 4h 11m 38s   sec/tick 121.0   sec/kimg 30.26   maintenance 2.1    cpumem 6.99   gpumem 12.25  reserved 13.84  augment 0.052
tick 121   kimg 484.0    time 4h 13m 41s   sec/tick 120.7   sec/kimg 30.18   maintenance 2.1    cpumem 6.99   gpumem 12.25  reserved 13.84  augment 0.051
tick 122   kimg 488.0    time 4h 15m 45s   sec/tick 122.1   sec/kimg 30.51   maintenance 1.7    cpumem 6.99   gpumem 12.25  reserved 13.84  augment 0.053
tick 123   kimg 492.0    time 4h 17m 48s   sec/tick 121.0   sec/kimg 30.26   maintenance 2.5    cpumem 6.99   gpumem 12.25  reserved 13.84  augment 0.054
tick 124   kimg 496.0    time 4h 19m 52s   sec/tick 121.0   sec/kimg 30.24   maintenance 2.5    cpumem 6.99   gpumem 12.25  reserved 13.84  augment 0.056
tick 125   kimg 500.0    time 4h 21m 54s   sec/tick 121.6   sec/kimg 30.40   maintenance 0.6    cpumem 6.99   gpumem 12.25  reserved 13.84  augment 0.059
tick 126   kimg 504.0    time 4h 23m 59s   sec/tick 121.4   sec/kimg 30.35   maintenance 3.9    cpumem 6.99   gpumem 12.25  reserved 13.84  augment 0.060
tick 127   kimg 508.0    time 4h 26m 03s   sec/tick 120.8   sec/kimg 30.21   maintenance 3.0    cpumem 6.99   gpumem 12.25  reserved 13.84  augment 0.065
tick 128   kimg 512.0    time 4h 28m 09s   sec/tick 123.4   sec/kimg 30.86   maintenance 2.7    cpumem 6.99   gpumem 12.25  reserved 13.84  augment 0.068
tick 129   kimg 516.0    time 4h 30m 13s   sec/tick 120.9   sec/kimg 30.24   maintenance 2.4    cpumem 6.99   gpumem 12.25  reserved 13.84  augment 0.070
tick 130   kimg 520.0    time 4h 32m 16s   sec/tick 120.5   sec/kimg 30.11   maintenance 2.6    cpumem 6.99   gpumem 12.25  reserved 13.84  augment 0.071
tick 131   kimg 524.0    time 4h 34m 19s   sec/tick 120.9   sec/kimg 30.23   maintenance 2.3    cpumem 6.99   gpumem 12.25  reserved 13.84  augment 0.073
tick 132   kimg 528.0    time 4h 36m 22s   sec/tick 120.9   sec/kimg 30.22   maintenance 2.1    cpumem 6.99   gpumem 12.25  reserved 13.84  augment 0.074
tick 133   kimg 532.0    time 4h 38m 24s   sec/tick 121.9   sec/kimg 30.48   maintenance 0.4    cpumem 6.99   gpumem 12.25  reserved 13.84  augment 0.079
tick 134   kimg 536.0    time 4h 40m 26s   sec/tick 121.0   sec/kimg 30.26   maintenance 0.5    cpumem 6.99   gpumem 12.25  reserved 13.84  augment 0.082
tick 135   kimg 540.0    time 4h 42m 30s   sec/tick 121.2   sec/kimg 30.30   maintenance 2.7    cpumem 6.99   gpumem 12.25  reserved 13.84  augment 0.085
tick 136   kimg 544.0    time 4h 44m 31s   sec/tick 121.1   sec/kimg 30.28   maintenance 0.4    cpumem 6.99   gpumem 12.25  reserved 13.84  augment 0.088
tick 137   kimg 548.0    time 4h 46m 33s   sec/tick 121.7   sec/kimg 30.42   maintenance 0.5    cpumem 6.99   gpumem 12.25  reserved 13.84  augment 0.091
tick 138   kimg 552.0    time 4h 48m 38s   sec/tick 121.8   sec/kimg 30.44   maintenance 2.5    cpumem 6.99   gpumem 12.25  reserved 13.84  augment 0.094
tick 139   kimg 556.0    time 4h 50m 41s   sec/tick 120.7   sec/kimg 30.18   maintenance 2.8    cpumem 6.99   gpumem 12.25  reserved 13.84  augment 0.096
tick 140   kimg 560.0    time 4h 52m 43s   sec/tick 121.4   sec/kimg 30.35   maintenance 0.4    cpumem 6.99   gpumem 12.25  reserved 13.84  augment 0.100
tick 141   kimg 564.0    time 4h 54m 45s   sec/tick 121.1   sec/kimg 30.27   maintenance 1.3    cpumem 6.99   gpumem 12.25  reserved 13.84  augment 0.101
tick 142   kimg 568.0    time 4h 56m 48s   sec/tick 120.7   sec/kimg 30.19   maintenance 2.4    cpumem 6.99   gpumem 12.25  reserved 13.84  augment 0.102
tick 143   kimg 572.0    time 4h 58m 49s   sec/tick 120.6   sec/kimg 30.14   maintenance 0.5    cpumem 6.99   gpumem 12.25  reserved 13.84  augment 0.103
tick 144   kimg 576.0    time 5h 00m 52s   sec/tick 119.6   sec/kimg 29.89   maintenance 2.6    cpumem 6.99   gpumem 12.25  reserved 13.84  augment 0.101
tick 145   kimg 580.0    time 5h 02m 52s   sec/tick 119.7   sec/kimg 29.91   maintenance 0.4    cpumem 6.99   gpumem 12.25  reserved 13.84  augment 0.104
tick 146   kimg 584.0    time 5h 04m 55s   sec/tick 120.9   sec/kimg 30.23   maintenance 2.1    cpumem 6.99   gpumem 12.25  reserved 13.84  augment 0.105
tick 147   kimg 588.0    time 5h 06m 56s   sec/tick 120.7   sec/kimg 30.17   maintenance 0.4    cpumem 6.99   gpumem 12.25  reserved 13.84  augment 0.103
tick 148   kimg 592.0    time 5h 08m 59s   sec/tick 120.7   sec/kimg 30.19   maintenance 2.0    cpumem 6.99   gpumem 12.25  reserved 13.84  augment 0.102
tick 149   kimg 596.0    time 5h 10m 59s   sec/tick 120.4   sec/kimg 30.09   maintenance 0.5    cpumem 6.99   gpumem 12.25  reserved 13.84  augment 0.103
tick 150   kimg 600.0    time 5h 13m 01s   sec/tick 121.5   sec/kimg 30.36   maintenance 0.5    cpumem 6.99   gpumem 12.25  reserved 13.84  augment 0.103
tick 151   kimg 604.0    time 5h 16m 01s   sec/tick 122.0   sec/kimg 30.51   maintenance 57.7   cpumem 7.00   gpumem 12.24  reserved 13.84  augment 0.104
tick 152   kimg 608.0    time 5h 18m 03s   sec/tick 121.1   sec/kimg 30.27   maintenance 0.4    cpumem 7.00   gpumem 12.24  reserved 13.84  augment 0.107
tick 153   kimg 612.0    time 5h 20m 04s   sec/tick 120.9   sec/kimg 30.22   maintenance 0.5    cpumem 7.00   gpumem 12.24  reserved 13.84  augment 0.108
tick 154   kimg 616.0    time 5h 22m 04s   sec/tick 120.0   sec/kimg 30.00   maintenance 0.5    cpumem 7.00   gpumem 12.24  reserved 13.84  augment 0.110
tick 155   kimg 620.0    time 5h 24m 06s   sec/tick 120.8   sec/kimg 30.20   maintenance 1.0    cpumem 7.00   gpumem 12.24  reserved 13.84  augment 0.111
tick 156   kimg 624.0    time 5h 26m 08s   sec/tick 121.2   sec/kimg 30.30   maintenance 0.8    cpumem 7.00   gpumem 12.24  reserved 13.84  augment 0.112
tick 157   kimg 628.0    time 5h 28m 09s   sec/tick 120.5   sec/kimg 30.13   maintenance 0.5    cpumem 7.00   gpumem 12.24  reserved 13.84  augment 0.114
tick 158   kimg 632.0    time 5h 30m 10s   sec/tick 120.5   sec/kimg 30.13   maintenance 0.4    cpumem 7.00   gpumem 12.24  reserved 13.84  augment 0.117
tick 159   kimg 636.0    time 5h 32m 11s   sec/tick 120.4   sec/kimg 30.11   maintenance 0.6    cpumem 7.00   gpumem 12.24  reserved 13.84  augment 0.119
tick 160   kimg 640.0    time 5h 34m 13s   sec/tick 121.5   sec/kimg 30.38   maintenance 0.3    cpumem 7.00   gpumem 12.24  reserved 13.84  augment 0.118
tick 161   kimg 644.0    time 5h 36m 15s   sec/tick 120.6   sec/kimg 30.15   maintenance 1.5    cpumem 7.00   gpumem 12.24  reserved 13.84  augment 0.120
tick 162   kimg 648.0    time 5h 38m 19s   sec/tick 120.8   sec/kimg 30.20   maintenance 2.7    cpumem 7.00   gpumem 12.24  reserved 13.84  augment 0.123
tick 163   kimg 652.0    time 5h 40m 20s   sec/tick 120.9   sec/kimg 30.23   maintenance 0.9    cpumem 7.00   gpumem 12.24  reserved 13.84  augment 0.124
tick 164   kimg 656.0    time 5h 42m 22s   sec/tick 120.8   sec/kimg 30.20   maintenance 0.4    cpumem 7.00   gpumem 12.24  reserved 13.84  augment 0.125
tick 165   kimg 660.0    time 5h 44m 23s   sec/tick 120.6   sec/kimg 30.15   maintenance 0.5    cpumem 7.00   gpumem 12.24  reserved 13.84  augment 0.128
tick 166   kimg 664.0    time 5h 46m 26s   sec/tick 120.7   sec/kimg 30.17   maintenance 2.4    cpumem 7.00   gpumem 12.24  reserved 13.84  augment 0.130
tick 167   kimg 668.0    time 5h 48m 27s   sec/tick 120.3   sec/kimg 30.08   maintenance 0.5    cpumem 7.00   gpumem 12.24  reserved 13.84  augment 0.131
tick 168   kimg 672.0    time 5h 50m 28s   sec/tick 120.9   sec/kimg 30.21   maintenance 0.4    cpumem 7.00   gpumem 12.24  reserved 13.84  augment 0.131
tick 169   kimg 676.0    time 5h 52m 29s   sec/tick 120.9   sec/kimg 30.22   maintenance 0.5    cpumem 7.00   gpumem 12.24  reserved 13.84  augment 0.130
tick 170   kimg 680.0    time 5h 54m 29s   sec/tick 119.7   sec/kimg 29.93   maintenance 0.5    cpumem 7.00   gpumem 12.24  reserved 13.84  augment 0.130
tick 171   kimg 684.0    time 5h 56m 33s   sec/tick 121.5   sec/kimg 30.36   maintenance 2.1    cpumem 7.00   gpumem 12.24  reserved 13.84  augment 0.132
tick 172   kimg 688.0    time 5h 58m 34s   sec/tick 120.8   sec/kimg 30.20   maintenance 0.4    cpumem 7.00   gpumem 12.24  reserved 13.84  augment 0.133
tick 173   kimg 692.0    time 6h 00m 36s   sec/tick 121.0   sec/kimg 30.24   maintenance 0.4    cpumem 7.00   gpumem 12.24  reserved 13.84  augment 0.130
tick 174   kimg 696.0    time 6h 02m 38s   sec/tick 121.1   sec/kimg 30.27   maintenance 1.1    cpumem 7.00   gpumem 12.24  reserved 13.84  augment 0.131
tick 175   kimg 700.0    time 6h 04m 40s   sec/tick 120.9   sec/kimg 30.22   maintenance 1.1    cpumem 7.00   gpumem 12.24  reserved 13.84  augment 0.132
tick 176   kimg 704.0    time 6h 06m 42s   sec/tick 121.2   sec/kimg 30.31   maintenance 1.3    cpumem 7.00   gpumem 12.24  reserved 13.84  augment 0.131
tick 177   kimg 708.0    time 6h 08m 44s   sec/tick 120.4   sec/kimg 30.10   maintenance 1.3    cpumem 7.00   gpumem 12.24  reserved 13.84  augment 0.132
tick 178   kimg 712.0    time 6h 10m 47s   sec/tick 121.3   sec/kimg 30.34   maintenance 1.7    cpumem 7.00   gpumem 12.24  reserved 13.84  augment 0.134
tick 179   kimg 716.0    time 6h 12m 48s   sec/tick 120.7   sec/kimg 30.17   maintenance 0.4    cpumem 7.00   gpumem 12.24  reserved 13.84  augment 0.134
tick 180   kimg 720.0    time 6h 14m 48s   sec/tick 120.0   sec/kimg 30.00   maintenance 0.5    cpumem 7.00   gpumem 12.24  reserved 13.84  augment 0.135
tick 181   kimg 724.0    time 6h 16m 52s   sec/tick 120.2   sec/kimg 30.06   maintenance 3.3    cpumem 7.00   gpumem 12.24  reserved 13.84  augment 0.137
tick 182   kimg 728.0    time 6h 18m 53s   sec/tick 120.5   sec/kimg 30.12   maintenance 0.4    cpumem 7.00   gpumem 12.24  reserved 13.84  augment 0.137
tick 183   kimg 732.0    time 6h 20m 55s   sec/tick 121.8   sec/kimg 30.46   maintenance 0.4    cpumem 7.00   gpumem 12.24  reserved 13.84  augment 0.141
tick 184   kimg 736.0    time 6h 22m 57s   sec/tick 121.1   sec/kimg 30.27   maintenance 0.8    cpumem 7.00   gpumem 12.24  reserved 13.84  augment 0.141
tick 185   kimg 740.0    time 6h 25m 03s   sec/tick 123.4   sec/kimg 30.84   maintenance 2.8    cpumem 7.00   gpumem 12.24  reserved 13.84  augment 0.140
tick 186   kimg 744.0    time 6h 27m 07s   sec/tick 121.4   sec/kimg 30.36   maintenance 2.5    cpumem 7.00   gpumem 12.24  reserved 13.84  augment 0.141
tick 187   kimg 748.0    time 6h 29m 11s   sec/tick 121.3   sec/kimg 30.32   maintenance 2.8    cpumem 7.00   gpumem 12.24  reserved 13.84  augment 0.142
tick 188   kimg 752.0    time 6h 31m 15s   sec/tick 121.0   sec/kimg 30.24   maintenance 2.9    cpumem 7.00   gpumem 12.24  reserved 13.84  augment 0.144
tick 189   kimg 756.0    time 6h 33m 18s   sec/tick 120.6   sec/kimg 30.14   maintenance 2.6    cpumem 7.00   gpumem 12.24  reserved 13.84  augment 0.146
tick 190   kimg 760.0    time 6h 35m 23s   sec/tick 121.5   sec/kimg 30.37   maintenance 3.0    cpumem 7.00   gpumem 12.24  reserved 13.84  augment 0.148
tick 191   kimg 764.0    time 6h 37m 25s   sec/tick 119.5   sec/kimg 29.87   maintenance 3.0    cpumem 7.00   gpumem 12.24  reserved 13.84  augment 0.150
tick 192   kimg 768.0    time 6h 39m 29s   sec/tick 120.8   sec/kimg 30.20   maintenance 2.6    cpumem 7.00   gpumem 12.24  reserved 13.84  augment 0.153
tick 193   kimg 772.0    time 6h 41m 30s   sec/tick 120.5   sec/kimg 30.13   maintenance 0.5    cpumem 7.00   gpumem 12.24  reserved 13.84  augment 0.155
tick 194   kimg 776.0    time 6h 43m 32s   sec/tick 120.5   sec/kimg 30.11   maintenance 2.4    cpumem 7.00   gpumem 12.24  reserved 13.84  augment 0.160
tick 195   kimg 780.0    time 6h 45m 34s   sec/tick 120.7   sec/kimg 30.18   maintenance 0.6    cpumem 7.00   gpumem 12.24  reserved 13.84  augment 0.162
tick 196   kimg 784.0    time 6h 47m 36s   sec/tick 121.3   sec/kimg 30.32   maintenance 1.3    cpumem 7.00   gpumem 12.24  reserved 13.84  augment 0.164
tick 197   kimg 788.0    time 6h 49m 37s   sec/tick 119.8   sec/kimg 29.94   maintenance 0.5    cpumem 7.00   gpumem 12.24  reserved 13.84  augment 0.165
tick 198   kimg 792.0    time 6h 51m 42s   sec/tick 121.0   sec/kimg 30.25   maintenance 4.3    cpumem 7.00   gpumem 12.24  reserved 13.84  augment 0.167
tick 199   kimg 796.0    time 6h 53m 45s   sec/tick 120.9   sec/kimg 30.24   maintenance 2.0    cpumem 7.00   gpumem 12.24  reserved 13.84  augment 0.168
tick 200   kimg 800.0    time 6h 55m 49s   sec/tick 121.8   sec/kimg 30.45   maintenance 2.2    cpumem 7.00   gpumem 12.24  reserved 13.84  augment 0.164
tick 201   kimg 804.0    time 6h 58m 49s   sec/tick 120.1   sec/kimg 30.02   maintenance 60.1   cpumem 7.05   gpumem 12.25  reserved 13.84  augment 0.165
tick 202   kimg 808.0    time 7h 00m 54s   sec/tick 122.1   sec/kimg 30.54   maintenance 2.4    cpumem 7.05   gpumem 12.25  reserved 13.84  augment 0.164
tick 203   kimg 812.0    time 7h 02m 58s   sec/tick 121.0   sec/kimg 30.24   maintenance 3.1    cpumem 7.05   gpumem 12.25  reserved 13.84  augment 0.167
tick 204   kimg 816.0    time 7h 05m 00s   sec/tick 120.3   sec/kimg 30.06   maintenance 1.9    cpumem 7.05   gpumem 12.25  reserved 13.84  augment 0.170
tick 205   kimg 820.0    time 7h 07m 01s   sec/tick 120.9   sec/kimg 30.22   maintenance 0.6    cpumem 7.05   gpumem 12.25  reserved 13.84  augment 0.172
tick 206   kimg 824.0    time 7h 09m 04s   sec/tick 121.9   sec/kimg 30.49   maintenance 1.0    cpumem 7.05   gpumem 12.25  reserved 13.84  augment 0.173
tick 207   kimg 828.0    time 7h 11m 06s   sec/tick 120.9   sec/kimg 30.23   maintenance 0.4    cpumem 7.05   gpumem 12.25  reserved 13.84  augment 0.174
tick 208   kimg 832.0    time 7h 13m 09s   sec/tick 121.1   sec/kimg 30.28   maintenance 2.3    cpumem 7.05   gpumem 12.25  reserved 13.84  augment 0.177
tick 209   kimg 836.0    time 7h 15m 13s   sec/tick 121.4   sec/kimg 30.35   maintenance 2.5    cpumem 7.05   gpumem 12.25  reserved 13.84  augment 0.180
tick 210   kimg 840.0    time 7h 17m 16s   sec/tick 121.1   sec/kimg 30.28   maintenance 2.5    cpumem 7.05   gpumem 12.25  reserved 13.84  augment 0.180
tick 211   kimg 844.0    time 7h 19m 18s   sec/tick 120.5   sec/kimg 30.12   maintenance 0.7    cpumem 7.05   gpumem 12.25  reserved 13.84  augment 0.181
tick 212   kimg 848.0    time 7h 21m 19s   sec/tick 121.0   sec/kimg 30.25   maintenance 0.7    cpumem 7.05   gpumem 12.25  reserved 13.84  augment 0.182
tick 213   kimg 852.0    time 7h 23m 21s   sec/tick 120.7   sec/kimg 30.17   maintenance 0.7    cpumem 7.05   gpumem 12.25  reserved 13.84  augment 0.184
tick 214   kimg 856.0    time 7h 25m 23s   sec/tick 120.2   sec/kimg 30.04   maintenance 2.6    cpumem 7.05   gpumem 12.25  reserved 13.84  augment 0.183
tick 215   kimg 860.0    time 7h 27m 26s   sec/tick 120.9   sec/kimg 30.24   maintenance 1.7    cpumem 7.05   gpumem 12.25  reserved 13.84  augment 0.186
tick 216   kimg 864.0    time 7h 29m 31s   sec/tick 122.5   sec/kimg 30.63   maintenance 2.6    cpumem 7.05   gpumem 12.25  reserved 13.84  augment 0.189
tick 217   kimg 868.0    time 7h 31m 33s   sec/tick 120.7   sec/kimg 30.17   maintenance 1.4    cpumem 7.05   gpumem 12.25  reserved 13.84  augment 0.190
tick 218   kimg 872.0    time 7h 33m 36s   sec/tick 120.0   sec/kimg 29.99   maintenance 2.6    cpumem 7.05   gpumem 12.25  reserved 13.84  augment 0.191
tick 219   kimg 876.0    time 7h 35m 37s   sec/tick 120.2   sec/kimg 30.06   maintenance 1.1    cpumem 7.05   gpumem 12.25  reserved 13.84  augment 0.190
tick 220   kimg 880.0    time 7h 37m 40s   sec/tick 121.8   sec/kimg 30.45   maintenance 0.5    cpumem 7.05   gpumem 12.25  reserved 13.84  augment 0.193
tick 221   kimg 884.0    time 7h 39m 41s   sec/tick 121.0   sec/kimg 30.25   maintenance 0.6    cpumem 7.05   gpumem 12.25  reserved 13.84  augment 0.195
tick 222   kimg 888.0    time 7h 41m 45s   sec/tick 120.7   sec/kimg 30.19   maintenance 3.3    cpumem 7.05   gpumem 12.25  reserved 13.84  augment 0.196
tick 223   kimg 892.0    time 7h 43m 47s   sec/tick 120.2   sec/kimg 30.05   maintenance 1.3    cpumem 7.05   gpumem 12.25  reserved 13.84  augment 0.197
tick 224   kimg 896.0    time 7h 45m 50s   sec/tick 121.3   sec/kimg 30.33   maintenance 1.5    cpumem 7.05   gpumem 12.25  reserved 13.84  augment 0.198
tick 225   kimg 900.0    time 7h 47m 53s   sec/tick 120.9   sec/kimg 30.23   maintenance 2.8    cpumem 7.05   gpumem 12.25  reserved 13.84  augment 0.198
tick 226   kimg 904.0    time 7h 49m 56s   sec/tick 122.1   sec/kimg 30.53   maintenance 0.9    cpumem 7.05   gpumem 12.25  reserved 13.84  augment 0.200
tick 227   kimg 908.0    time 7h 51m 59s   sec/tick 121.1   sec/kimg 30.29   maintenance 2.0    cpumem 7.05   gpumem 12.25  reserved 13.84  augment 0.201
tick 228   kimg 912.0    time 7h 54m 03s   sec/tick 120.9   sec/kimg 30.22   maintenance 2.8    cpumem 7.05   gpumem 12.25  reserved 13.84  augment 0.204
tick 229   kimg 916.0    time 7h 56m 06s   sec/tick 119.9   sec/kimg 29.96   maintenance 2.9    cpumem 7.05   gpumem 12.25  reserved 13.84  augment 0.206
tick 230   kimg 920.0    time 7h 58m 09s   sec/tick 120.2   sec/kimg 30.06   maintenance 3.1    cpumem 7.05   gpumem 12.25  reserved 13.84  augment 0.206
tick 231   kimg 924.0    time 8h 00m 13s   sec/tick 120.5   sec/kimg 30.12   maintenance 3.2    cpumem 7.05   gpumem 12.25  reserved 13.84  augment 0.206
tick 232   kimg 928.0    time 8h 02m 17s   sec/tick 120.6   sec/kimg 30.15   maintenance 3.6    cpumem 7.05   gpumem 12.25  reserved 13.84  augment 0.206
tick 233   kimg 932.0    time 8h 04m 21s   sec/tick 121.5   sec/kimg 30.37   maintenance 2.3    cpumem 7.05   gpumem 12.25  reserved 13.84  augment 0.208
tick 234   kimg 936.0    time 8h 06m 24s   sec/tick 121.0   sec/kimg 30.24   maintenance 2.4    cpumem 7.05   gpumem 12.25  reserved 13.84  augment 0.210
tick 235   kimg 940.0    time 8h 08m 26s   sec/tick 120.4   sec/kimg 30.09   maintenance 1.1    cpumem 7.05   gpumem 12.25  reserved 13.84  augment 0.211
tick 236   kimg 944.0    time 8h 10m 29s   sec/tick 120.8   sec/kimg 30.19   maintenance 2.1    cpumem 7.05   gpumem 12.25  reserved 13.84  augment 0.212
tick 237   kimg 948.0    time 8h 12m 32s   sec/tick 121.0   sec/kimg 30.25   maintenance 2.6    cpumem 7.05   gpumem 12.25  reserved 13.84  augment 0.215
