/homes/55/guangrun/miniconda3/envs/eg3d/lib/python3.9/site-packages/scipy/__init__.py:146: UserWarning: A NumPy version >=1.16.5 and <1.23.0 is required for this version of SciPy (detected version 1.24.3
  warnings.warn(f"A NumPy version >={np_minversion} and <{np_maxversion}"

Training options:
{
  "G_kwargs": {
    "class_name": "training.triplane.TriPlaneGenerator",
    "z_dim": 512,
    "w_dim": 512,
    "mapping_kwargs": {
      "num_layers": 2
    },
    "channel_base": 32768,
    "channel_max": 512,
    "fused_modconv_default": "inference_only",
    "rendering_kwargs": {
      "image_resolution": 128,
      "disparity_space_sampling": false,
      "clamp_mode": "softplus",
      "superresolution_module": "training.superresolution.SuperresolutionHybrid2X",
      "c_gen_conditioning_zero": false,
      "gpc_reg_prob": 0.5,
      "c_scale": 1.0,
      "superresolution_noise_mode": "none",
      "density_reg": 0.25,
      "density_reg_p_dist": 0.004,
      "reg_type": "l1",
      "decoder_lr_mul": 1.0,
      "sr_antialias": true,
      "depth_resolution": 64,
      "depth_resolution_importance": 64,
      "ray_start": 0.1,
      "ray_end": 2.6,
      "box_warp": 1.6,
      "white_back": false,
      "avg_camera_radius": 1.7,
      "avg_camera_pivot": [
        0,
        0,
        0
      ]
    },
    "num_fp16_res": 0,
    "sr_num_fp16_res": 4,
    "sr_kwargs": {
      "channel_base": 32768,
      "channel_max": 512,
      "fused_modconv_default": "inference_only"
    },
    "conv_clamp": null
  },
  "D_kwargs": {
    "class_name": "training.dual_discriminator.DualDiscriminator",
    "block_kwargs": {
      "freeze_layers": 0
    },
    "mapping_kwargs": {},
    "epilogue_kwargs": {
      "mbstd_group_size": 4
    },
    "channel_base": 32768,
    "channel_max": 512,
    "disc_c_noise": 0.0,
    "num_fp16_res": 4,
    "conv_clamp": 256
  },
  "G_opt_kwargs": {
    "class_name": "torch.optim.Adam",
    "betas": [
      0,
      0.99
    ],
    "eps": 1e-08,
    "lr": 0.0025
  },
  "D_opt_kwargs": {
    "class_name": "torch.optim.Adam",
    "betas": [
      0,
      0.99
    ],
    "eps": 1e-08,
    "lr": 0.002
  },
  "loss_kwargs": {
    "class_name": "training.loss.StyleGAN2Loss",
    "r1_gamma": 0.3,
    "filter_mode": "antialiased",
    "blur_init_sigma": 10,
    "blur_fade_kimg": 400.0,
    "gpc_reg_prob": 0.5,
    "gpc_reg_fade_kimg": 1000,
    "dual_discrimination": true,
    "neural_rendering_resolution_initial": 64,
    "neural_rendering_resolution_final": null,
    "neural_rendering_resolution_fade_kimg": 1000,
    "style_mixing_prob": 0.0
  },
  "data_loader_kwargs": {
    "pin_memory": true,
    "prefetch_factor": 2,
    "num_workers": 8
  },
  "training_set_kwargs": {
    "class_name": "training.dataset.ImageFolderDatasetImagenet",
    "path": "/storage2/guangrun/qijia_3d_model/imagenet/imagenet_train_crop224_sz128.zip",
    "use_labels": true,
    "max_size": 99411,
    "xflip": false,
    "resolution": 128,
    "random_seed": 0
  },
  "num_gpus": 8,
  "batch_size": 64,
  "batch_gpu": 8,
  "metrics": [],
  "total_kimg": 25000,
  "kimg_per_tick": 4,
  "image_snapshot_ticks": 50,
  "network_snapshot_ticks": 50,
  "random_seed": 0,
  "ema_kimg": 20.0,
  "G_reg_interval": 4.0,
  "augment_kwargs": {
    "class_name": "training.augment.AugmentPipe",
    "xflip": 1,
    "rotate90": 1,
    "xint": 1,
    "scale": 1,
    "rotate": 1,
    "aniso": 1,
    "xfrac": 1,
    "brightness": 1,
    "contrast": 1,
    "lumaflip": 1,
    "hue": 1,
    "saturation": 1
  },
  "ada_target": 0.6,
  "run_dir": "/storage2/guangrun/qijia_3d_model/exps/eg3d//imagenet_128/00003-shapenet-imagenet_train_crop224_sz128-gpus8-batch64-gamma0.3"
}

Output directory:    /storage2/guangrun/qijia_3d_model/exps/eg3d//imagenet_128/00003-shapenet-imagenet_train_crop224_sz128-gpus8-batch64-gamma0.3
Number of GPUs:      8
Batch size:          64 images
Training duration:   25000 kimg
Dataset path:        /storage2/guangrun/qijia_3d_model/imagenet/imagenet_train_crop224_sz128.zip
Dataset size:        99411 images
Dataset resolution:  128
Dataset labels:      True
Dataset x-flips:     False

Creating output directory...
Launching processes...
/homes/55/guangrun/miniconda3/envs/eg3d/lib/python3.9/site-packages/scipy/__init__.py:146: UserWarning: A NumPy version >=1.16.5 and <1.23.0 is required for this version of SciPy (detected version 1.24.3
  warnings.warn(f"A NumPy version >={np_minversion} and <{np_maxversion}"
/homes/55/guangrun/miniconda3/envs/eg3d/lib/python3.9/site-packages/scipy/__init__.py:146: UserWarning: A NumPy version >=1.16.5 and <1.23.0 is required for this version of SciPy (detected version 1.24.3
  warnings.warn(f"A NumPy version >={np_minversion} and <{np_maxversion}"
/homes/55/guangrun/miniconda3/envs/eg3d/lib/python3.9/site-packages/scipy/__init__.py:146: UserWarning: A NumPy version >=1.16.5 and <1.23.0 is required for this version of SciPy (detected version 1.24.3
  warnings.warn(f"A NumPy version >={np_minversion} and <{np_maxversion}"
/homes/55/guangrun/miniconda3/envs/eg3d/lib/python3.9/site-packages/scipy/__init__.py:146: UserWarning: A NumPy version >=1.16.5 and <1.23.0 is required for this version of SciPy (detected version 1.24.3
  warnings.warn(f"A NumPy version >={np_minversion} and <{np_maxversion}"
/homes/55/guangrun/miniconda3/envs/eg3d/lib/python3.9/site-packages/scipy/__init__.py:146: UserWarning: A NumPy version >=1.16.5 and <1.23.0 is required for this version of SciPy (detected version 1.24.3
  warnings.warn(f"A NumPy version >={np_minversion} and <{np_maxversion}"
/homes/55/guangrun/miniconda3/envs/eg3d/lib/python3.9/site-packages/scipy/__init__.py:146: UserWarning: A NumPy version >=1.16.5 and <1.23.0 is required for this version of SciPy (detected version 1.24.3
  warnings.warn(f"A NumPy version >={np_minversion} and <{np_maxversion}"
/homes/55/guangrun/miniconda3/envs/eg3d/lib/python3.9/site-packages/scipy/__init__.py:146: UserWarning: A NumPy version >=1.16.5 and <1.23.0 is required for this version of SciPy (detected version 1.24.3
  warnings.warn(f"A NumPy version >={np_minversion} and <{np_maxversion}"
/homes/55/guangrun/miniconda3/envs/eg3d/lib/python3.9/site-packages/scipy/__init__.py:146: UserWarning: A NumPy version >=1.16.5 and <1.23.0 is required for this version of SciPy (detected version 1.24.3
  warnings.warn(f"A NumPy version >={np_minversion} and <{np_maxversion}"
Loading training set...
/homes/55/guangrun/miniconda3/envs/eg3d/lib/python3.9/site-packages/scipy/__init__.py:146: UserWarning: A NumPy version >=1.16.5 and <1.23.0 is required for this version of SciPy (detected version 1.24.3
  warnings.warn(f"A NumPy version >={np_minversion} and <{np_maxversion}"
/homes/55/guangrun/miniconda3/envs/eg3d/lib/python3.9/site-packages/scipy/__init__.py:146: UserWarning: A NumPy version >=1.16.5 and <1.23.0 is required for this version of SciPy (detected version 1.24.3
  warnings.warn(f"A NumPy version >={np_minversion} and <{np_maxversion}"
/homes/55/guangrun/miniconda3/envs/eg3d/lib/python3.9/site-packages/scipy/__init__.py:146: UserWarning: A NumPy version >=1.16.5 and <1.23.0 is required for this version of SciPy (detected version 1.24.3
  warnings.warn(f"A NumPy version >={np_minversion} and <{np_maxversion}"
/homes/55/guangrun/miniconda3/envs/eg3d/lib/python3.9/site-packages/scipy/__init__.py:146: UserWarning: A NumPy version >=1.16.5 and <1.23.0 is required for this version of SciPy (detected version 1.24.3
  warnings.warn(f"A NumPy version >={np_minversion} and <{np_maxversion}"
/homes/55/guangrun/miniconda3/envs/eg3d/lib/python3.9/site-packages/scipy/__init__.py:146: UserWarning: A NumPy version >=1.16.5 and <1.23.0 is required for this version of SciPy (detected version 1.24.3
  warnings.warn(f"A NumPy version >={np_minversion} and <{np_maxversion}"
/homes/55/guangrun/miniconda3/envs/eg3d/lib/python3.9/site-packages/scipy/__init__.py:146: UserWarning: A NumPy version >=1.16.5 and <1.23.0 is required for this version of SciPy (detected version 1.24.3
  warnings.warn(f"A NumPy version >={np_minversion} and <{np_maxversion}"
/homes/55/guangrun/miniconda3/envs/eg3d/lib/python3.9/site-packages/scipy/__init__.py:146: UserWarning: A NumPy version >=1.16.5 and <1.23.0 is required for this version of SciPy (detected version 1.24.3
  warnings.warn(f"A NumPy version >={np_minversion} and <{np_maxversion}"
/homes/55/guangrun/miniconda3/envs/eg3d/lib/python3.9/site-packages/scipy/__init__.py:146: UserWarning: A NumPy version >=1.16.5 and <1.23.0 is required for this version of SciPy (detected version 1.24.3
  warnings.warn(f"A NumPy version >={np_minversion} and <{np_maxversion}"
/homes/55/guangrun/miniconda3/envs/eg3d/lib/python3.9/site-packages/scipy/__init__.py:146: UserWarning: A NumPy version >=1.16.5 and <1.23.0 is required for this version of SciPy (detected version 1.24.3
  warnings.warn(f"A NumPy version >={np_minversion} and <{np_maxversion}"
/homes/55/guangrun/miniconda3/envs/eg3d/lib/python3.9/site-packages/scipy/__init__.py:146: UserWarning: A NumPy version >=1.16.5 and <1.23.0 is required for this version of SciPy (detected version 1.24.3
  warnings.warn(f"A NumPy version >={np_minversion} and <{np_maxversion}"
/homes/55/guangrun/miniconda3/envs/eg3d/lib/python3.9/site-packages/scipy/__init__.py:146: UserWarning: A NumPy version >=1.16.5 and <1.23.0 is required for this version of SciPy (detected version 1.24.3
  warnings.warn(f"A NumPy version >={np_minversion} and <{np_maxversion}"
/homes/55/guangrun/miniconda3/envs/eg3d/lib/python3.9/site-packages/scipy/__init__.py:146: UserWarning: A NumPy version >=1.16.5 and <1.23.0 is required for this version of SciPy (detected version 1.24.3
  warnings.warn(f"A NumPy version >={np_minversion} and <{np_maxversion}"
/homes/55/guangrun/miniconda3/envs/eg3d/lib/python3.9/site-packages/scipy/__init__.py:146: UserWarning: A NumPy version >=1.16.5 and <1.23.0 is required for this version of SciPy (detected version 1.24.3
  warnings.warn(f"A NumPy version >={np_minversion} and <{np_maxversion}"
/homes/55/guangrun/miniconda3/envs/eg3d/lib/python3.9/site-packages/scipy/__init__.py:146: UserWarning: A NumPy version >=1.16.5 and <1.23.0 is required for this version of SciPy (detected version 1.24.3
  warnings.warn(f"A NumPy version >={np_minversion} and <{np_maxversion}"
/homes/55/guangrun/miniconda3/envs/eg3d/lib/python3.9/site-packages/scipy/__init__.py:146: UserWarning: A NumPy version >=1.16.5 and <1.23.0 is required for this version of SciPy (detected version 1.24.3
  warnings.warn(f"A NumPy version >={np_minversion} and <{np_maxversion}"
/homes/55/guangrun/miniconda3/envs/eg3d/lib/python3.9/site-packages/scipy/__init__.py:146: UserWarning: A NumPy version >=1.16.5 and <1.23.0 is required for this version of SciPy (detected version 1.24.3
  warnings.warn(f"A NumPy version >={np_minversion} and <{np_maxversion}"
/homes/55/guangrun/miniconda3/envs/eg3d/lib/python3.9/site-packages/scipy/__init__.py:146: UserWarning: A NumPy version >=1.16.5 and <1.23.0 is required for this version of SciPy (detected version 1.24.3
  warnings.warn(f"A NumPy version >={np_minversion} and <{np_maxversion}"
/homes/55/guangrun/miniconda3/envs/eg3d/lib/python3.9/site-packages/scipy/__init__.py:146: UserWarning: A NumPy version >=1.16.5 and <1.23.0 is required for this version of SciPy (detected version 1.24.3
  warnings.warn(f"A NumPy version >={np_minversion} and <{np_maxversion}"
/homes/55/guangrun/miniconda3/envs/eg3d/lib/python3.9/site-packages/scipy/__init__.py:146: UserWarning: A NumPy version >=1.16.5 and <1.23.0 is required for this version of SciPy (detected version 1.24.3
  warnings.warn(f"A NumPy version >={np_minversion} and <{np_maxversion}"
/homes/55/guangrun/miniconda3/envs/eg3d/lib/python3.9/site-packages/scipy/__init__.py:146: UserWarning: A NumPy version >=1.16.5 and <1.23.0 is required for this version of SciPy (detected version 1.24.3
  warnings.warn(f"A NumPy version >={np_minversion} and <{np_maxversion}"
/homes/55/guangrun/miniconda3/envs/eg3d/lib/python3.9/site-packages/scipy/__init__.py:146: UserWarning: A NumPy version >=1.16.5 and <1.23.0 is required for this version of SciPy (detected version 1.24.3
  warnings.warn(f"A NumPy version >={np_minversion} and <{np_maxversion}"
/homes/55/guangrun/miniconda3/envs/eg3d/lib/python3.9/site-packages/scipy/__init__.py:146: UserWarning: A NumPy version >=1.16.5 and <1.23.0 is required for this version of SciPy (detected version 1.24.3
  warnings.warn(f"A NumPy version >={np_minversion} and <{np_maxversion}"
/homes/55/guangrun/miniconda3/envs/eg3d/lib/python3.9/site-packages/scipy/__init__.py:146: UserWarning: A NumPy version >=1.16.5 and <1.23.0 is required for this version of SciPy (detected version 1.24.3
  warnings.warn(f"A NumPy version >={np_minversion} and <{np_maxversion}"
/homes/55/guangrun/miniconda3/envs/eg3d/lib/python3.9/site-packages/scipy/__init__.py:146: UserWarning: A NumPy version >=1.16.5 and <1.23.0 is required for this version of SciPy (detected version 1.24.3
  warnings.warn(f"A NumPy version >={np_minversion} and <{np_maxversion}"
/homes/55/guangrun/miniconda3/envs/eg3d/lib/python3.9/site-packages/scipy/__init__.py:146: UserWarning: A NumPy version >=1.16.5 and <1.23.0 is required for this version of SciPy (detected version 1.24.3
  warnings.warn(f"A NumPy version >={np_minversion} and <{np_maxversion}"
/homes/55/guangrun/miniconda3/envs/eg3d/lib/python3.9/site-packages/scipy/__init__.py:146: UserWarning: A NumPy version >=1.16.5 and <1.23.0 is required for this version of SciPy (detected version 1.24.3
  warnings.warn(f"A NumPy version >={np_minversion} and <{np_maxversion}"
/homes/55/guangrun/miniconda3/envs/eg3d/lib/python3.9/site-packages/scipy/__init__.py:146: UserWarning: A NumPy version >=1.16.5 and <1.23.0 is required for this version of SciPy (detected version 1.24.3
  warnings.warn(f"A NumPy version >={np_minversion} and <{np_maxversion}"
/homes/55/guangrun/miniconda3/envs/eg3d/lib/python3.9/site-packages/scipy/__init__.py:146: UserWarning: A NumPy version >=1.16.5 and <1.23.0 is required for this version of SciPy (detected version 1.24.3
  warnings.warn(f"A NumPy version >={np_minversion} and <{np_maxversion}"
/homes/55/guangrun/miniconda3/envs/eg3d/lib/python3.9/site-packages/scipy/__init__.py:146: UserWarning: A NumPy version >=1.16.5 and <1.23.0 is required for this version of SciPy (detected version 1.24.3
  warnings.warn(f"A NumPy version >={np_minversion} and <{np_maxversion}"
/homes/55/guangrun/miniconda3/envs/eg3d/lib/python3.9/site-packages/scipy/__init__.py:146: UserWarning: A NumPy version >=1.16.5 and <1.23.0 is required for this version of SciPy (detected version 1.24.3
  warnings.warn(f"A NumPy version >={np_minversion} and <{np_maxversion}"
/homes/55/guangrun/miniconda3/envs/eg3d/lib/python3.9/site-packages/scipy/__init__.py:146: UserWarning: A NumPy version >=1.16.5 and <1.23.0 is required for this version of SciPy (detected version 1.24.3
  warnings.warn(f"A NumPy version >={np_minversion} and <{np_maxversion}"
/homes/55/guangrun/miniconda3/envs/eg3d/lib/python3.9/site-packages/scipy/__init__.py:146: UserWarning: A NumPy version >=1.16.5 and <1.23.0 is required for this version of SciPy (detected version 1.24.3
  warnings.warn(f"A NumPy version >={np_minversion} and <{np_maxversion}"
/homes/55/guangrun/miniconda3/envs/eg3d/lib/python3.9/site-packages/scipy/__init__.py:146: UserWarning: A NumPy version >=1.16.5 and <1.23.0 is required for this version of SciPy (detected version 1.24.3
  warnings.warn(f"A NumPy version >={np_minversion} and <{np_maxversion}"
/homes/55/guangrun/miniconda3/envs/eg3d/lib/python3.9/site-packages/scipy/__init__.py:146: UserWarning: A NumPy version >=1.16.5 and <1.23.0 is required for this version of SciPy (detected version 1.24.3
  warnings.warn(f"A NumPy version >={np_minversion} and <{np_maxversion}"
/homes/55/guangrun/miniconda3/envs/eg3d/lib/python3.9/site-packages/scipy/__init__.py:146: UserWarning: A NumPy version >=1.16.5 and <1.23.0 is required for this version of SciPy (detected version 1.24.3
  warnings.warn(f"A NumPy version >={np_minversion} and <{np_maxversion}"
/homes/55/guangrun/miniconda3/envs/eg3d/lib/python3.9/site-packages/scipy/__init__.py:146: UserWarning: A NumPy version >=1.16.5 and <1.23.0 is required for this version of SciPy (detected version 1.24.3
  warnings.warn(f"A NumPy version >={np_minversion} and <{np_maxversion}"
/homes/55/guangrun/miniconda3/envs/eg3d/lib/python3.9/site-packages/scipy/__init__.py:146: UserWarning: A NumPy version >=1.16.5 and <1.23.0 is required for this version of SciPy (detected version 1.24.3
  warnings.warn(f"A NumPy version >={np_minversion} and <{np_maxversion}"
/homes/55/guangrun/miniconda3/envs/eg3d/lib/python3.9/site-packages/scipy/__init__.py:146: UserWarning: A NumPy version >=1.16.5 and <1.23.0 is required for this version of SciPy (detected version 1.24.3
  warnings.warn(f"A NumPy version >={np_minversion} and <{np_maxversion}"
/homes/55/guangrun/miniconda3/envs/eg3d/lib/python3.9/site-packages/scipy/__init__.py:146: UserWarning: A NumPy version >=1.16.5 and <1.23.0 is required for this version of SciPy (detected version 1.24.3
  warnings.warn(f"A NumPy version >={np_minversion} and <{np_maxversion}"
/homes/55/guangrun/miniconda3/envs/eg3d/lib/python3.9/site-packages/scipy/__init__.py:146: UserWarning: A NumPy version >=1.16.5 and <1.23.0 is required for this version of SciPy (detected version 1.24.3
  warnings.warn(f"A NumPy version >={np_minversion} and <{np_maxversion}"
/homes/55/guangrun/miniconda3/envs/eg3d/lib/python3.9/site-packages/scipy/__init__.py:146: UserWarning: A NumPy version >=1.16.5 and <1.23.0 is required for this version of SciPy (detected version 1.24.3
  warnings.warn(f"A NumPy version >={np_minversion} and <{np_maxversion}"
/homes/55/guangrun/miniconda3/envs/eg3d/lib/python3.9/site-packages/scipy/__init__.py:146: UserWarning: A NumPy version >=1.16.5 and <1.23.0 is required for this version of SciPy (detected version 1.24.3
  warnings.warn(f"A NumPy version >={np_minversion} and <{np_maxversion}"
/homes/55/guangrun/miniconda3/envs/eg3d/lib/python3.9/site-packages/scipy/__init__.py:146: UserWarning: A NumPy version >=1.16.5 and <1.23.0 is required for this version of SciPy (detected version 1.24.3
  warnings.warn(f"A NumPy version >={np_minversion} and <{np_maxversion}"
/homes/55/guangrun/miniconda3/envs/eg3d/lib/python3.9/site-packages/scipy/__init__.py:146: UserWarning: A NumPy version >=1.16.5 and <1.23.0 is required for this version of SciPy (detected version 1.24.3
  warnings.warn(f"A NumPy version >={np_minversion} and <{np_maxversion}"
/homes/55/guangrun/miniconda3/envs/eg3d/lib/python3.9/site-packages/scipy/__init__.py:146: UserWarning: A NumPy version >=1.16.5 and <1.23.0 is required for this version of SciPy (detected version 1.24.3
  warnings.warn(f"A NumPy version >={np_minversion} and <{np_maxversion}"
/homes/55/guangrun/miniconda3/envs/eg3d/lib/python3.9/site-packages/scipy/__init__.py:146: UserWarning: A NumPy version >=1.16.5 and <1.23.0 is required for this version of SciPy (detected version 1.24.3
  warnings.warn(f"A NumPy version >={np_minversion} and <{np_maxversion}"
/homes/55/guangrun/miniconda3/envs/eg3d/lib/python3.9/site-packages/scipy/__init__.py:146: UserWarning: A NumPy version >=1.16.5 and <1.23.0 is required for this version of SciPy (detected version 1.24.3
  warnings.warn(f"A NumPy version >={np_minversion} and <{np_maxversion}"
/homes/55/guangrun/miniconda3/envs/eg3d/lib/python3.9/site-packages/scipy/__init__.py:146: UserWarning: A NumPy version >=1.16.5 and <1.23.0 is required for this version of SciPy (detected version 1.24.3
  warnings.warn(f"A NumPy version >={np_minversion} and <{np_maxversion}"
/homes/55/guangrun/miniconda3/envs/eg3d/lib/python3.9/site-packages/scipy/__init__.py:146: UserWarning: A NumPy version >=1.16.5 and <1.23.0 is required for this version of SciPy (detected version 1.24.3
  warnings.warn(f"A NumPy version >={np_minversion} and <{np_maxversion}"
/homes/55/guangrun/miniconda3/envs/eg3d/lib/python3.9/site-packages/scipy/__init__.py:146: UserWarning: A NumPy version >=1.16.5 and <1.23.0 is required for this version of SciPy (detected version 1.24.3
  warnings.warn(f"A NumPy version >={np_minversion} and <{np_maxversion}"
/homes/55/guangrun/miniconda3/envs/eg3d/lib/python3.9/site-packages/scipy/__init__.py:146: UserWarning: A NumPy version >=1.16.5 and <1.23.0 is required for this version of SciPy (detected version 1.24.3
  warnings.warn(f"A NumPy version >={np_minversion} and <{np_maxversion}"
/homes/55/guangrun/miniconda3/envs/eg3d/lib/python3.9/site-packages/scipy/__init__.py:146: UserWarning: A NumPy version >=1.16.5 and <1.23.0 is required for this version of SciPy (detected version 1.24.3
  warnings.warn(f"A NumPy version >={np_minversion} and <{np_maxversion}"
/homes/55/guangrun/miniconda3/envs/eg3d/lib/python3.9/site-packages/scipy/__init__.py:146: UserWarning: A NumPy version >=1.16.5 and <1.23.0 is required for this version of SciPy (detected version 1.24.3
  warnings.warn(f"A NumPy version >={np_minversion} and <{np_maxversion}"
/homes/55/guangrun/miniconda3/envs/eg3d/lib/python3.9/site-packages/scipy/__init__.py:146: UserWarning: A NumPy version >=1.16.5 and <1.23.0 is required for this version of SciPy (detected version 1.24.3
  warnings.warn(f"A NumPy version >={np_minversion} and <{np_maxversion}"
/homes/55/guangrun/miniconda3/envs/eg3d/lib/python3.9/site-packages/scipy/__init__.py:146: UserWarning: A NumPy version >=1.16.5 and <1.23.0 is required for this version of SciPy (detected version 1.24.3
  warnings.warn(f"A NumPy version >={np_minversion} and <{np_maxversion}"
/homes/55/guangrun/miniconda3/envs/eg3d/lib/python3.9/site-packages/scipy/__init__.py:146: UserWarning: A NumPy version >=1.16.5 and <1.23.0 is required for this version of SciPy (detected version 1.24.3
  warnings.warn(f"A NumPy version >={np_minversion} and <{np_maxversion}"
/homes/55/guangrun/miniconda3/envs/eg3d/lib/python3.9/site-packages/scipy/__init__.py:146: UserWarning: A NumPy version >=1.16.5 and <1.23.0 is required for this version of SciPy (detected version 1.24.3
  warnings.warn(f"A NumPy version >={np_minversion} and <{np_maxversion}"
/homes/55/guangrun/miniconda3/envs/eg3d/lib/python3.9/site-packages/scipy/__init__.py:146: UserWarning: A NumPy version >=1.16.5 and <1.23.0 is required for this version of SciPy (detected version 1.24.3
  warnings.warn(f"A NumPy version >={np_minversion} and <{np_maxversion}"
/homes/55/guangrun/miniconda3/envs/eg3d/lib/python3.9/site-packages/scipy/__init__.py:146: UserWarning: A NumPy version >=1.16.5 and <1.23.0 is required for this version of SciPy (detected version 1.24.3
  warnings.warn(f"A NumPy version >={np_minversion} and <{np_maxversion}"
/homes/55/guangrun/miniconda3/envs/eg3d/lib/python3.9/site-packages/scipy/__init__.py:146: UserWarning: A NumPy version >=1.16.5 and <1.23.0 is required for this version of SciPy (detected version 1.24.3
  warnings.warn(f"A NumPy version >={np_minversion} and <{np_maxversion}"
/homes/55/guangrun/miniconda3/envs/eg3d/lib/python3.9/site-packages/scipy/__init__.py:146: UserWarning: A NumPy version >=1.16.5 and <1.23.0 is required for this version of SciPy (detected version 1.24.3
  warnings.warn(f"A NumPy version >={np_minversion} and <{np_maxversion}"
/homes/55/guangrun/miniconda3/envs/eg3d/lib/python3.9/site-packages/scipy/__init__.py:146: UserWarning: A NumPy version >=1.16.5 and <1.23.0 is required for this version of SciPy (detected version 1.24.3
  warnings.warn(f"A NumPy version >={np_minversion} and <{np_maxversion}"
/homes/55/guangrun/miniconda3/envs/eg3d/lib/python3.9/site-packages/scipy/__init__.py:146: UserWarning: A NumPy version >=1.16.5 and <1.23.0 is required for this version of SciPy (detected version 1.24.3
  warnings.warn(f"A NumPy version >={np_minversion} and <{np_maxversion}"
/homes/55/guangrun/miniconda3/envs/eg3d/lib/python3.9/site-packages/scipy/__init__.py:146: UserWarning: A NumPy version >=1.16.5 and <1.23.0 is required for this version of SciPy (detected version 1.24.3
  warnings.warn(f"A NumPy version >={np_minversion} and <{np_maxversion}"

Num images:  99411
Image shape: [3, 128, 128]
Label shape: [1000]

Constructing networks...
Setting up PyTorch plugin "bias_act_plugin"... Done.
Setting up PyTorch plugin "upfirdn2d_plugin"... Done.

TriPlaneGenerator              Parameters  Buffers  Output shape        Datatype
---                            ---         ---      ---                 ---     
backbone.mapping.embed         512512      -        [8, 512]            float32 
backbone.mapping.fc0           524800      -        [8, 512]            float32 
backbone.mapping.fc1           262656      -        [8, 512]            float32 
backbone.mapping               -           512      [8, 14, 512]        float32 
ray_sampler:0                  -           -        [8, 4096, 3]        float32 
ray_sampler:1                  -           -        [8, 4096, 3]        float32 
backbone.synthesis.b4.conv1    2622465     32       [8, 512, 4, 4]      float32 
backbone.synthesis.b4.torgb    311904      -        [8, 96, 4, 4]       float32 
backbone.synthesis.b4:0        8192        16       [8, 512, 4, 4]      float32 
backbone.synthesis.b4:1        -           -        [8, 96, 4, 4]       float32 
backbone.synthesis.b8.conv0    2622465     80       [8, 512, 8, 8]      float32 
backbone.synthesis.b8.conv1    2622465     80       [8, 512, 8, 8]      float32 
backbone.synthesis.b8.torgb    311904      -        [8, 96, 8, 8]       float32 
backbone.synthesis.b8:0        -           16       [8, 512, 8, 8]      float32 
backbone.synthesis.b8:1        -           -        [8, 96, 8, 8]       float32 
backbone.synthesis.b16.conv0   2622465     272      [8, 512, 16, 16]    float32 
backbone.synthesis.b16.conv1   2622465     272      [8, 512, 16, 16]    float32 
backbone.synthesis.b16.torgb   311904      -        [8, 96, 16, 16]     float32 
backbone.synthesis.b16:0       -           16       [8, 512, 16, 16]    float32 
backbone.synthesis.b16:1       -           -        [8, 96, 16, 16]     float32 
backbone.synthesis.b32.conv0   2622465     1040     [8, 512, 32, 32]    float32 
backbone.synthesis.b32.conv1   2622465     1040     [8, 512, 32, 32]    float32 
backbone.synthesis.b32.torgb   311904      -        [8, 96, 32, 32]     float32 
backbone.synthesis.b32:0       -           16       [8, 512, 32, 32]    float32 
backbone.synthesis.b32:1       -           -        [8, 96, 32, 32]     float32 
backbone.synthesis.b64.conv0   2622465     4112     [8, 512, 64, 64]    float32 
backbone.synthesis.b64.conv1   2622465     4112     [8, 512, 64, 64]    float32 
backbone.synthesis.b64.torgb   311904      -        [8, 96, 64, 64]     float32 
backbone.synthesis.b64:0       -           16       [8, 512, 64, 64]    float32 
backbone.synthesis.b64:1       -           -        [8, 96, 64, 64]     float32 
backbone.synthesis.b128.conv0  1442561     16400    [8, 256, 128, 128]  float32 
backbone.synthesis.b128.conv1  721409      16400    [8, 256, 128, 128]  float32 
backbone.synthesis.b128.torgb  156000      -        [8, 96, 128, 128]   float32 
backbone.synthesis.b128:0      -           16       [8, 256, 128, 128]  float32 
backbone.synthesis.b128:1      -           -        [8, 96, 128, 128]   float32 
backbone.synthesis.b256.conv0  426369      65552    [8, 128, 256, 256]  float32 
backbone.synthesis.b256.conv1  213249      65552    [8, 128, 256, 256]  float32 
backbone.synthesis.b256.torgb  78048       -        [8, 96, 256, 256]   float32 
backbone.synthesis.b256:0      -           16       [8, 128, 256, 256]  float32 
backbone.synthesis.b256:1      -           -        [8, 96, 256, 256]   float32 
decoder.net                    4257        -        [2097152, 33]       float32 
renderer.ray_marcher:0         -           -        [8, 4096, 32]       float32 
renderer.ray_marcher:1         -           -        [8, 4096, 1]        float32 
renderer.ray_marcher:2         -           -        [8, 4096, 63, 1]    float32 
decoder.net                    -           -        [2097152, 33]       float32 
renderer.ray_marcher:0         -           -        [8, 4096, 32]       float32 
renderer.ray_marcher:1         -           -        [8, 4096, 1]        float32 
renderer.ray_marcher:2         -           -        [8, 4096, 127, 1]   float32 
renderer:0                     -           -        [8, 4096, 32]       float32 
renderer:1                     -           -        [8, 4096, 1]        float32 
renderer:2                     -           -        [8, 4096, 1]        float32 
superresolution.block0.conv0   53409       4112     [8, 128, 64, 64]    float16 
superresolution.block0.conv1   213249      4112     [8, 128, 64, 64]    float16 
superresolution.block0.torgb   66051       -        [8, 3, 64, 64]      float16 
superresolution.block0:0       -           16       [8, 128, 64, 64]    float16 
superresolution.block0:1       -           -        [8, 3, 64, 64]      float32 
superresolution.block1.conv0   139457      16400    [8, 64, 128, 128]   float16 
superresolution.block1.conv1   69761       16400    [8, 64, 128, 128]   float16 
superresolution.block1.torgb   33027       -        [8, 3, 128, 128]    float16 
superresolution.block1:0       -           16       [8, 64, 128, 128]   float16 
superresolution.block1:1       -           -        [8, 3, 128, 128]    float32 
superresolution                -           16       [8, 3, 128, 128]    float32 
<top-level>                    -           1000     -                   -       
---                            ---         ---      ---                 ---     
Total                          30086712    217640   -                   -       


DualDiscriminator  Parameters  Buffers  Output shape        Datatype
---                ---         ---      ---                 ---     
b128.fromrgb       1792        16       [8, 256, 128, 128]  float16 
b128.skip          131072      16       [8, 512, 64, 64]    float16 
b128.conv0         590080      16       [8, 256, 128, 128]  float16 
b128.conv1         1180160     16       [8, 512, 64, 64]    float16 
b128               -           16       [8, 512, 64, 64]    float16 
b64.skip           262144      16       [8, 512, 32, 32]    float16 
b64.conv0          2359808     16       [8, 512, 64, 64]    float16 
b64.conv1          2359808     16       [8, 512, 32, 32]    float16 
b64                -           16       [8, 512, 32, 32]    float16 
b32.skip           262144      16       [8, 512, 16, 16]    float16 
b32.conv0          2359808     16       [8, 512, 32, 32]    float16 
b32.conv1          2359808     16       [8, 512, 16, 16]    float16 
b32                -           16       [8, 512, 16, 16]    float16 
b16.skip           262144      16       [8, 512, 8, 8]      float16 
b16.conv0          2359808     16       [8, 512, 16, 16]    float16 
b16.conv1          2359808     16       [8, 512, 8, 8]      float16 
b16                -           16       [8, 512, 8, 8]      float16 
b8.skip            262144      16       [8, 512, 4, 4]      float32 
b8.conv0           2359808     16       [8, 512, 8, 8]      float32 
b8.conv1           2359808     16       [8, 512, 4, 4]      float32 
b8                 -           16       [8, 512, 4, 4]      float32 
mapping.embed      512512      -        [8, 512]            float32 
mapping.fc0        262656      -        [8, 512]            float32 
mapping.fc1        262656      -        [8, 512]            float32 
mapping.fc2        262656      -        [8, 512]            float32 
mapping.fc3        262656      -        [8, 512]            float32 
mapping.fc4        262656      -        [8, 512]            float32 
mapping.fc5        262656      -        [8, 512]            float32 
mapping.fc6        262656      -        [8, 512]            float32 
mapping.fc7        262656      -        [8, 512]            float32 
b4.mbstd           -           -        [8, 513, 4, 4]      float32 
b4.conv            2364416     16       [8, 512, 4, 4]      float32 
b4.fc              4194816     -        [8, 512]            float32 
b4.out             262656      -        [8, 512]            float32 
b4                 -           -        [8, 1]              float32 
<top-level>        -           16       [8, 1]              float32 
---                ---         ---      ---                 ---     
Total              31265792    368      -                   -       

Setting up augmentation...
Distributing across 8 GPUs...
Setting up training phases...
Exporting sample images...
Initializing logs...
Training for 25000 kimg...

tick 0     kimg 0.1      time 5m 52s       sec/tick 20.0    sec/kimg 311.81  maintenance 331.7  cpumem 6.50   gpumem 35.57  reserved 39.56  augment 0.000
tick 1     kimg 4.1      time 8m 37s       sec/tick 89.6    sec/kimg 22.22   maintenance 75.2   cpumem 6.89   gpumem 19.74  reserved 34.75  augment 0.001
tick 2     kimg 8.1      time 10m 06s      sec/tick 87.6    sec/kimg 21.73   maintenance 1.8    cpumem 6.89   gpumem 12.07  reserved 14.78  augment 0.001
tick 3     kimg 12.2     time 11m 35s      sec/tick 86.9    sec/kimg 21.56   maintenance 2.3    cpumem 6.89   gpumem 12.07  reserved 14.78  augment 0.006
tick 4     kimg 16.2     time 13m 05s      sec/tick 87.6    sec/kimg 21.71   maintenance 2.1    cpumem 6.89   gpumem 12.07  reserved 14.78  augment 0.009
tick 5     kimg 20.2     time 14m 32s      sec/tick 84.2    sec/kimg 20.89   maintenance 2.9    cpumem 6.89   gpumem 12.07  reserved 14.78  augment 0.016
tick 6     kimg 24.3     time 16m 01s      sec/tick 86.7    sec/kimg 21.50   maintenance 1.9    cpumem 6.89   gpumem 12.07  reserved 14.78  augment 0.020
tick 7     kimg 28.3     time 17m 29s      sec/tick 86.8    sec/kimg 21.53   maintenance 1.7    cpumem 6.89   gpumem 12.07  reserved 14.78  augment 0.024
tick 8     kimg 32.3     time 18m 59s      sec/tick 86.9    sec/kimg 21.56   maintenance 2.9    cpumem 6.89   gpumem 12.07  reserved 14.78  augment 0.030
tick 9     kimg 36.4     time 20m 27s      sec/tick 85.8    sec/kimg 21.29   maintenance 1.9    cpumem 6.89   gpumem 12.07  reserved 14.78  augment 0.037
tick 10    kimg 40.4     time 21m 57s      sec/tick 87.5    sec/kimg 21.70   maintenance 2.7    cpumem 6.89   gpumem 12.07  reserved 14.78  augment 0.041
tick 11    kimg 44.4     time 23m 25s      sec/tick 86.9    sec/kimg 21.56   maintenance 1.5    cpumem 6.89   gpumem 12.07  reserved 14.78  augment 0.046
tick 12    kimg 48.4     time 24m 55s      sec/tick 86.3    sec/kimg 21.41   maintenance 3.0    cpumem 6.89   gpumem 12.07  reserved 14.78  augment 0.050
tick 13    kimg 52.5     time 26m 26s      sec/tick 89.6    sec/kimg 22.23   maintenance 2.0    cpumem 6.89   gpumem 12.07  reserved 14.78  augment 0.054
tick 14    kimg 56.5     time 27m 56s      sec/tick 87.8    sec/kimg 21.78   maintenance 1.9    cpumem 6.89   gpumem 12.07  reserved 14.78  augment 0.057
tick 15    kimg 60.5     time 29m 26s      sec/tick 88.0    sec/kimg 21.83   maintenance 2.0    cpumem 6.89   gpumem 12.07  reserved 14.78  augment 0.062
tick 16    kimg 64.6     time 30m 58s      sec/tick 89.2    sec/kimg 22.13   maintenance 2.6    cpumem 6.89   gpumem 12.07  reserved 14.78  augment 0.069
tick 17    kimg 68.6     time 32m 25s      sec/tick 84.3    sec/kimg 20.91   maintenance 2.5    cpumem 6.89   gpumem 12.07  reserved 14.78  augment 0.075
tick 18    kimg 72.6     time 33m 53s      sec/tick 86.2    sec/kimg 21.38   maintenance 2.5    cpumem 6.89   gpumem 12.07  reserved 14.78  augment 0.079
tick 19    kimg 76.7     time 35m 23s      sec/tick 87.6    sec/kimg 21.72   maintenance 1.9    cpumem 6.89   gpumem 12.07  reserved 14.78  augment 0.083
tick 20    kimg 80.7     time 36m 51s      sec/tick 85.8    sec/kimg 21.29   maintenance 2.2    cpumem 6.89   gpumem 12.07  reserved 14.78  augment 0.089
tick 21    kimg 84.7     time 38m 19s      sec/tick 86.5    sec/kimg 21.45   maintenance 1.9    cpumem 6.89   gpumem 12.07  reserved 14.78  augment 0.095
tick 22    kimg 88.8     time 39m 48s      sec/tick 85.9    sec/kimg 21.31   maintenance 2.9    cpumem 6.89   gpumem 12.07  reserved 14.78  augment 0.099
tick 23    kimg 92.8     time 41m 18s      sec/tick 87.6    sec/kimg 21.72   maintenance 1.9    cpumem 6.89   gpumem 12.07  reserved 14.78  augment 0.102
tick 24    kimg 96.8     time 42m 46s      sec/tick 85.6    sec/kimg 21.23   maintenance 3.0    cpumem 6.89   gpumem 12.07  reserved 14.78  augment 0.109
tick 25    kimg 100.9    time 44m 16s      sec/tick 87.9    sec/kimg 21.80   maintenance 2.0    cpumem 6.89   gpumem 12.07  reserved 14.78  augment 0.116
tick 26    kimg 104.9    time 45m 44s      sec/tick 85.3    sec/kimg 21.15   maintenance 2.7    cpumem 6.89   gpumem 12.07  reserved 14.78  augment 0.120
tick 27    kimg 108.9    time 47m 11s      sec/tick 85.0    sec/kimg 21.09   maintenance 1.9    cpumem 6.89   gpumem 12.07  reserved 14.78  augment 0.125
tick 28    kimg 113.0    time 48m 43s      sec/tick 89.0    sec/kimg 22.08   maintenance 2.7    cpumem 6.89   gpumem 12.07  reserved 14.78  augment 0.132
tick 29    kimg 117.0    time 50m 13s      sec/tick 88.7    sec/kimg 21.99   maintenance 1.9    cpumem 6.89   gpumem 12.07  reserved 14.78  augment 0.137
tick 30    kimg 121.0    time 51m 44s      sec/tick 88.3    sec/kimg 21.89   maintenance 2.2    cpumem 6.89   gpumem 12.07  reserved 14.78  augment 0.140
tick 31    kimg 125.1    time 53m 12s      sec/tick 86.0    sec/kimg 21.32   maintenance 2.8    cpumem 6.89   gpumem 12.07  reserved 14.78  augment 0.146
tick 32    kimg 129.1    time 54m 41s      sec/tick 86.5    sec/kimg 21.46   maintenance 1.9    cpumem 6.89   gpumem 12.07  reserved 14.78  augment 0.152
tick 33    kimg 133.1    time 56m 10s      sec/tick 86.3    sec/kimg 21.41   maintenance 2.9    cpumem 6.89   gpumem 12.07  reserved 14.78  augment 0.155
tick 34    kimg 137.2    time 57m 39s      sec/tick 87.5    sec/kimg 21.71   maintenance 1.8    cpumem 6.89   gpumem 12.07  reserved 14.78  augment 0.157
tick 35    kimg 141.2    time 59m 08s      sec/tick 86.3    sec/kimg 21.41   maintenance 2.7    cpumem 6.89   gpumem 12.07  reserved 14.78  augment 0.163
tick 36    kimg 145.2    time 1h 00m 35s   sec/tick 85.0    sec/kimg 21.07   maintenance 2.0    cpumem 6.89   gpumem 12.07  reserved 14.78  augment 0.168
tick 37    kimg 149.2    time 1h 02m 06s   sec/tick 87.2    sec/kimg 21.63   maintenance 3.5    cpumem 6.89   gpumem 12.07  reserved 14.78  augment 0.170
tick 38    kimg 153.3    time 1h 03m 34s   sec/tick 86.2    sec/kimg 21.39   maintenance 1.9    cpumem 6.89   gpumem 12.07  reserved 14.78  augment 0.175
tick 39    kimg 157.3    time 1h 05m 08s   sec/tick 91.1    sec/kimg 22.60   maintenance 2.9    cpumem 6.89   gpumem 12.07  reserved 14.78  augment 0.179
tick 40    kimg 161.3    time 1h 06m 37s   sec/tick 86.4    sec/kimg 21.43   maintenance 2.1    cpumem 6.89   gpumem 12.07  reserved 14.78  augment 0.183
tick 41    kimg 165.4    time 1h 08m 06s   sec/tick 86.2    sec/kimg 21.39   maintenance 2.5    cpumem 6.89   gpumem 12.07  reserved 14.78  augment 0.187
tick 42    kimg 169.4    time 1h 09m 35s   sec/tick 87.1    sec/kimg 21.61   maintenance 2.5    cpumem 6.89   gpumem 12.07  reserved 14.78  augment 0.191
tick 43    kimg 173.4    time 1h 11m 04s   sec/tick 85.9    sec/kimg 21.29   maintenance 2.7    cpumem 6.89   gpumem 12.07  reserved 14.78  augment 0.197
tick 44    kimg 177.5    time 1h 12m 34s   sec/tick 87.8    sec/kimg 21.78   maintenance 2.2    cpumem 6.89   gpumem 12.07  reserved 14.78  augment 0.203
tick 45    kimg 181.5    time 1h 14m 03s   sec/tick 86.3    sec/kimg 21.40   maintenance 2.5    cpumem 6.89   gpumem 12.07  reserved 14.78  augment 0.206
tick 46    kimg 185.5    time 1h 15m 34s   sec/tick 89.2    sec/kimg 22.13   maintenance 2.5    cpumem 6.89   gpumem 12.07  reserved 14.78  augment 0.210
tick 47    kimg 189.6    time 1h 17m 01s   sec/tick 85.0    sec/kimg 21.07   maintenance 2.2    cpumem 6.89   gpumem 12.07  reserved 14.78  augment 0.214
tick 48    kimg 193.6    time 1h 18m 32s   sec/tick 88.2    sec/kimg 21.87   maintenance 2.3    cpumem 6.89   gpumem 12.07  reserved 14.78  augment 0.219
tick 49    kimg 197.6    time 1h 20m 01s   sec/tick 86.4    sec/kimg 21.42   maintenance 2.4    cpumem 6.89   gpumem 12.07  reserved 14.78  augment 0.223
tick 50    kimg 201.7    time 1h 21m 30s   sec/tick 87.9    sec/kimg 21.80   maintenance 1.7    cpumem 6.89   gpumem 12.07  reserved 14.78  augment 0.228
tick 51    kimg 205.7    time 1h 24m 01s   sec/tick 86.1    sec/kimg 21.36   maintenance 65.0   cpumem 6.84   gpumem 12.07  reserved 14.78  augment 0.231
tick 52    kimg 209.7    time 1h 25m 30s   sec/tick 86.0    sec/kimg 21.33   maintenance 2.4    cpumem 6.84   gpumem 12.07  reserved 14.78  augment 0.235
tick 53    kimg 213.8    time 1h 26m 59s   sec/tick 87.0    sec/kimg 21.57   maintenance 2.3    cpumem 6.84   gpumem 12.07  reserved 14.78  augment 0.239
tick 54    kimg 217.8    time 1h 28m 28s   sec/tick 86.1    sec/kimg 21.36   maintenance 2.4    cpumem 6.84   gpumem 12.07  reserved 14.78  augment 0.243
tick 55    kimg 221.8    time 1h 29m 57s   sec/tick 86.9    sec/kimg 21.56   maintenance 2.2    cpumem 6.84   gpumem 12.07  reserved 14.78  augment 0.246
tick 56    kimg 225.9    time 1h 31m 26s   sec/tick 87.7    sec/kimg 21.75   maintenance 1.7    cpumem 6.84   gpumem 12.07  reserved 14.78  augment 0.246
tick 57    kimg 229.9    time 1h 32m 54s   sec/tick 85.8    sec/kimg 21.29   maintenance 2.1    cpumem 6.84   gpumem 12.07  reserved 14.78  augment 0.249
tick 58    kimg 233.9    time 1h 34m 21s   sec/tick 85.4    sec/kimg 21.17   maintenance 1.9    cpumem 6.84   gpumem 12.07  reserved 14.78  augment 0.248
tick 59    kimg 238.0    time 1h 35m 52s   sec/tick 86.5    sec/kimg 21.45   maintenance 4.2    cpumem 6.84   gpumem 12.07  reserved 14.78  augment 0.247
tick 60    kimg 242.0    time 1h 37m 23s   sec/tick 88.3    sec/kimg 21.89   maintenance 2.1    cpumem 6.84   gpumem 12.07  reserved 14.78  augment 0.244
tick 61    kimg 246.0    time 1h 38m 51s   sec/tick 86.9    sec/kimg 21.56   maintenance 1.8    cpumem 6.84   gpumem 12.07  reserved 14.78  augment 0.240
tick 62    kimg 250.0    time 1h 40m 18s   sec/tick 84.6    sec/kimg 20.99   maintenance 2.1    cpumem 6.84   gpumem 12.07  reserved 14.78  augment 0.235
tick 63    kimg 254.1    time 1h 41m 47s   sec/tick 86.6    sec/kimg 21.48   maintenance 2.9    cpumem 6.84   gpumem 12.07  reserved 14.78  augment 0.228
tick 64    kimg 258.1    time 1h 43m 15s   sec/tick 85.5    sec/kimg 21.21   maintenance 1.8    cpumem 6.84   gpumem 12.07  reserved 14.78  augment 0.221
tick 65    kimg 262.1    time 1h 44m 44s   sec/tick 87.2    sec/kimg 21.63   maintenance 2.1    cpumem 6.84   gpumem 12.07  reserved 14.78  augment 0.212
tick 66    kimg 266.2    time 1h 46m 14s   sec/tick 87.4    sec/kimg 21.67   maintenance 2.8    cpumem 6.84   gpumem 12.07  reserved 14.78  augment 0.206
tick 67    kimg 270.2    time 1h 47m 43s   sec/tick 85.2    sec/kimg 21.14   maintenance 3.4    cpumem 6.84   gpumem 12.07  reserved 14.78  augment 0.198
tick 68    kimg 274.2    time 1h 49m 13s   sec/tick 86.9    sec/kimg 21.56   maintenance 2.8    cpumem 6.84   gpumem 12.07  reserved 14.78  augment 0.189
tick 69    kimg 278.3    time 1h 50m 41s   sec/tick 85.2    sec/kimg 21.14   maintenance 2.8    cpumem 6.84   gpumem 12.07  reserved 14.78  augment 0.182
tick 70    kimg 282.3    time 1h 52m 11s   sec/tick 87.8    sec/kimg 21.77   maintenance 2.7    cpumem 6.84   gpumem 12.07  reserved 14.78  augment 0.175
tick 71    kimg 286.3    time 1h 53m 41s   sec/tick 87.4    sec/kimg 21.67   maintenance 2.7    cpumem 6.84   gpumem 12.07  reserved 14.78  augment 0.166
tick 72    kimg 290.4    time 1h 55m 10s   sec/tick 86.9    sec/kimg 21.55   maintenance 1.9    cpumem 6.84   gpumem 12.07  reserved 14.78  augment 0.158
tick 73    kimg 294.4    time 1h 56m 37s   sec/tick 84.6    sec/kimg 20.98   maintenance 2.6    cpumem 6.84   gpumem 12.07  reserved 14.78  augment 0.150
tick 74    kimg 298.4    time 1h 58m 07s   sec/tick 88.2    sec/kimg 21.88   maintenance 2.1    cpumem 6.84   gpumem 12.07  reserved 14.78  augment 0.143
tick 75    kimg 302.5    time 1h 59m 37s   sec/tick 86.0    sec/kimg 21.34   maintenance 3.1    cpumem 6.84   gpumem 12.07  reserved 14.78  augment 0.135
tick 76    kimg 306.5    time 2h 01m 04s   sec/tick 85.6    sec/kimg 21.22   maintenance 1.9    cpumem 6.84   gpumem 12.07  reserved 14.78  augment 0.127
tick 77    kimg 310.5    time 2h 02m 35s   sec/tick 87.2    sec/kimg 21.62   maintenance 3.4    cpumem 6.84   gpumem 12.07  reserved 14.78  augment 0.119
tick 78    kimg 314.6    time 2h 04m 04s   sec/tick 87.3    sec/kimg 21.66   maintenance 1.9    cpumem 6.84   gpumem 12.07  reserved 14.78  augment 0.111
tick 79    kimg 318.6    time 2h 05m 34s   sec/tick 87.1    sec/kimg 21.61   maintenance 2.6    cpumem 6.84   gpumem 12.07  reserved 14.78  augment 0.104
tick 80    kimg 322.6    time 2h 07m 02s   sec/tick 86.2    sec/kimg 21.39   maintenance 2.3    cpumem 6.84   gpumem 12.07  reserved 14.78  augment 0.096
tick 81    kimg 326.7    time 2h 08m 28s   sec/tick 84.2    sec/kimg 20.88   maintenance 2.3    cpumem 6.84   gpumem 12.07  reserved 14.78  augment 0.088
tick 82    kimg 330.7    time 2h 09m 59s   sec/tick 88.5    sec/kimg 21.95   maintenance 2.3    cpumem 6.84   gpumem 12.07  reserved 14.78  augment 0.080
tick 83    kimg 334.7    time 2h 11m 28s   sec/tick 86.3    sec/kimg 21.40   maintenance 2.7    cpumem 6.84   gpumem 12.07  reserved 14.78  augment 0.072
tick 84    kimg 338.8    time 2h 12m 58s   sec/tick 87.7    sec/kimg 21.76   maintenance 1.7    cpumem 6.84   gpumem 12.07  reserved 14.78  augment 0.064
tick 85    kimg 342.8    time 2h 14m 26s   sec/tick 86.2    sec/kimg 21.39   maintenance 1.9    cpumem 6.84   gpumem 12.07  reserved 14.78  augment 0.056
tick 86    kimg 346.8    time 2h 15m 53s   sec/tick 84.8    sec/kimg 21.04   maintenance 1.9    cpumem 6.84   gpumem 12.07  reserved 14.78  augment 0.048
tick 87    kimg 350.8    time 2h 17m 22s   sec/tick 87.4    sec/kimg 21.67   maintenance 1.7    cpumem 6.84   gpumem 12.07  reserved 14.78  augment 0.040
tick 88    kimg 354.9    time 2h 18m 51s   sec/tick 87.0    sec/kimg 21.58   maintenance 2.3    cpumem 6.84   gpumem 12.07  reserved 14.78  augment 0.032
tick 89    kimg 358.9    time 2h 20m 20s   sec/tick 86.7    sec/kimg 21.50   maintenance 2.7    cpumem 6.84   gpumem 12.07  reserved 14.78  augment 0.024
tick 90    kimg 362.9    time 2h 21m 47s   sec/tick 85.3    sec/kimg 21.15   maintenance 1.7    cpumem 6.84   gpumem 12.07  reserved 14.78  augment 0.016
tick 91    kimg 367.0    time 2h 23m 16s   sec/tick 85.2    sec/kimg 21.14   maintenance 3.1    cpumem 6.84   gpumem 12.07  reserved 14.78  augment 0.008
tick 92    kimg 371.0    time 2h 24m 45s   sec/tick 86.6    sec/kimg 21.49   maintenance 2.8    cpumem 6.84   gpumem 12.07  reserved 14.78  augment 0.000
tick 93    kimg 375.0    time 2h 26m 14s   sec/tick 87.3    sec/kimg 21.65   maintenance 1.8    cpumem 6.84   gpumem 12.07  reserved 14.78  augment 0.000
tick 94    kimg 379.1    time 2h 27m 45s   sec/tick 88.0    sec/kimg 21.82   maintenance 2.7    cpumem 6.84   gpumem 12.07  reserved 14.78  augment 0.000
tick 95    kimg 383.1    time 2h 29m 18s   sec/tick 89.3    sec/kimg 22.14   maintenance 3.3    cpumem 6.84   gpumem 12.07  reserved 14.78  augment 0.000
tick 96    kimg 387.1    time 2h 30m 48s   sec/tick 87.7    sec/kimg 21.76   maintenance 2.8    cpumem 6.84   gpumem 12.07  reserved 14.78  augment 0.000
tick 97    kimg 391.2    time 2h 32m 18s   sec/tick 86.9    sec/kimg 21.56   maintenance 2.8    cpumem 6.84   gpumem 12.07  reserved 14.78  augment 0.001
tick 98    kimg 395.2    time 2h 33m 47s   sec/tick 87.3    sec/kimg 21.65   maintenance 1.7    cpumem 6.84   gpumem 12.07  reserved 14.78  augment 0.000
tick 99    kimg 399.2    time 2h 35m 14s   sec/tick 84.5    sec/kimg 20.95   maintenance 2.9    cpumem 6.84   gpumem 12.07  reserved 14.78  augment 0.001
tick 100   kimg 403.3    time 2h 36m 46s   sec/tick 88.4    sec/kimg 21.92   maintenance 3.5    cpumem 6.84   gpumem 12.07  reserved 14.78  augment 0.000
tick 101   kimg 407.3    time 2h 39m 18s   sec/tick 87.2    sec/kimg 21.63   maintenance 65.1   cpumem 6.84   gpumem 12.07  reserved 14.78  augment 0.000
tick 102   kimg 411.3    time 2h 40m 47s   sec/tick 86.0    sec/kimg 21.33   maintenance 2.6    cpumem 6.84   gpumem 12.07  reserved 14.78  augment 0.000
tick 103   kimg 415.4    time 2h 42m 15s   sec/tick 84.7    sec/kimg 20.99   maintenance 3.1    cpumem 6.84   gpumem 12.07  reserved 14.78  augment 0.000
tick 104   kimg 419.4    time 2h 43m 46s   sec/tick 88.1    sec/kimg 21.86   maintenance 2.9    cpumem 6.84   gpumem 12.07  reserved 14.78  augment 0.000
tick 105   kimg 423.4    time 2h 45m 16s   sec/tick 87.8    sec/kimg 21.78   maintenance 1.9    cpumem 6.84   gpumem 12.07  reserved 14.78  augment 0.000
tick 106   kimg 427.5    time 2h 46m 43s   sec/tick 85.9    sec/kimg 21.32   maintenance 2.0    cpumem 6.84   gpumem 12.07  reserved 14.78  augment 0.001
tick 107   kimg 431.5    time 2h 48m 13s   sec/tick 87.3    sec/kimg 21.66   maintenance 2.0    cpumem 6.84   gpumem 12.07  reserved 14.78  augment 0.000
tick 108   kimg 435.5    time 2h 49m 41s   sec/tick 85.5    sec/kimg 21.21   maintenance 2.7    cpumem 6.84   gpumem 12.07  reserved 14.78  augment 0.001
tick 109   kimg 439.6    time 2h 51m 11s   sec/tick 88.1    sec/kimg 21.84   maintenance 2.0    cpumem 6.84   gpumem 12.07  reserved 14.78  augment 0.001
tick 110   kimg 443.6    time 2h 52m 38s   sec/tick 85.1    sec/kimg 21.10   maintenance 1.8    cpumem 6.84   gpumem 12.07  reserved 14.78  augment 0.000
tick 111   kimg 447.6    time 2h 54m 06s   sec/tick 85.9    sec/kimg 21.30   maintenance 2.0    cpumem 6.84   gpumem 12.07  reserved 14.78  augment 0.000
tick 112   kimg 451.6    time 2h 55m 35s   sec/tick 86.5    sec/kimg 21.45   maintenance 2.4    cpumem 6.84   gpumem 12.07  reserved 14.78  augment 0.000
tick 113   kimg 455.7    time 2h 57m 04s   sec/tick 87.6    sec/kimg 21.72   maintenance 2.0    cpumem 6.84   gpumem 12.07  reserved 14.78  augment 0.000
tick 114   kimg 459.7    time 2h 58m 34s   sec/tick 86.5    sec/kimg 21.46   maintenance 2.8    cpumem 6.84   gpumem 12.07  reserved 14.78  augment 0.000
tick 115   kimg 463.7    time 3h 00m 02s   sec/tick 86.2    sec/kimg 21.37   maintenance 1.8    cpumem 6.84   gpumem 12.07  reserved 14.78  augment 0.000
tick 116   kimg 467.8    time 3h 01m 31s   sec/tick 86.9    sec/kimg 21.56   maintenance 2.4    cpumem 6.84   gpumem 12.07  reserved 14.78  augment 0.000
tick 117   kimg 471.8    time 3h 03m 00s   sec/tick 87.1    sec/kimg 21.61   maintenance 2.2    cpumem 6.84   gpumem 12.07  reserved 14.78  augment 0.000
tick 118   kimg 475.8    time 3h 04m 29s   sec/tick 86.2    sec/kimg 21.39   maintenance 2.9    cpumem 6.84   gpumem 12.07  reserved 14.78  augment 0.001
tick 119   kimg 479.9    time 3h 05m 59s   sec/tick 87.0    sec/kimg 21.57   maintenance 2.4    cpumem 6.84   gpumem 12.07  reserved 14.78  augment 0.002
tick 120   kimg 483.9    time 3h 07m 28s   sec/tick 86.6    sec/kimg 21.47   maintenance 2.9    cpumem 6.84   gpumem 12.07  reserved 14.78  augment 0.001
tick 121   kimg 487.9    time 3h 08m 56s   sec/tick 86.1    sec/kimg 21.36   maintenance 2.0    cpumem 6.84   gpumem 12.07  reserved 14.78  augment 0.000
tick 122   kimg 492.0    time 3h 10m 27s   sec/tick 87.4    sec/kimg 21.68   maintenance 3.2    cpumem 6.84   gpumem 12.07  reserved 14.78  augment 0.000
tick 123   kimg 496.0    time 3h 11m 57s   sec/tick 86.3    sec/kimg 21.39   maintenance 4.1    cpumem 6.84   gpumem 12.07  reserved 14.78  augment 0.000
tick 124   kimg 500.0    time 3h 13m 25s   sec/tick 85.5    sec/kimg 21.19   maintenance 1.7    cpumem 6.84   gpumem 12.07  reserved 14.78  augment 0.001
tick 125   kimg 504.1    time 3h 14m 54s   sec/tick 86.8    sec/kimg 21.53   maintenance 2.3    cpumem 6.84   gpumem 12.07  reserved 14.78  augment 0.001
tick 126   kimg 508.1    time 3h 16m 21s   sec/tick 84.8    sec/kimg 21.04   maintenance 2.1    cpumem 6.84   gpumem 12.07  reserved 14.78  augment 0.001
tick 127   kimg 512.1    time 3h 17m 56s   sec/tick 93.0    sec/kimg 23.06   maintenance 2.8    cpumem 6.84   gpumem 12.07  reserved 14.78  augment 0.000
tick 128   kimg 516.2    time 3h 19m 27s   sec/tick 87.7    sec/kimg 21.74   maintenance 3.1    cpumem 6.84   gpumem 12.07  reserved 14.78  augment 0.001
tick 129   kimg 520.2    time 3h 20m 59s   sec/tick 88.3    sec/kimg 21.91   maintenance 3.3    cpumem 6.84   gpumem 12.07  reserved 14.78  augment 0.000
tick 130   kimg 524.2    time 3h 22m 29s   sec/tick 87.0    sec/kimg 21.57   maintenance 2.8    cpumem 6.84   gpumem 12.07  reserved 14.78  augment 0.000
tick 131   kimg 528.3    time 3h 24m 00s   sec/tick 87.2    sec/kimg 21.63   maintenance 3.8    cpumem 6.84   gpumem 12.07  reserved 14.78  augment 0.000
tick 132   kimg 532.3    time 3h 25m 29s   sec/tick 87.6    sec/kimg 21.72   maintenance 1.9    cpumem 6.84   gpumem 12.07  reserved 14.78  augment 0.000
tick 133   kimg 536.3    time 3h 26m 58s   sec/tick 86.6    sec/kimg 21.47   maintenance 2.8    cpumem 6.84   gpumem 12.07  reserved 14.78  augment 0.000
tick 134   kimg 540.4    time 3h 28m 27s   sec/tick 87.0    sec/kimg 21.58   maintenance 1.9    cpumem 6.84   gpumem 12.07  reserved 14.78  augment 0.001
tick 135   kimg 544.4    time 3h 29m 56s   sec/tick 85.4    sec/kimg 21.18   maintenance 2.9    cpumem 6.84   gpumem 12.07  reserved 14.78  augment 0.002
tick 136   kimg 548.4    time 3h 31m 23s   sec/tick 85.7    sec/kimg 21.26   maintenance 1.8    cpumem 6.84   gpumem 12.07  reserved 14.78  augment 0.000
tick 137   kimg 552.4    time 3h 32m 51s   sec/tick 86.3    sec/kimg 21.41   maintenance 1.8    cpumem 6.84   gpumem 12.07  reserved 14.78  augment 0.001
tick 138   kimg 556.5    time 3h 34m 19s   sec/tick 84.8    sec/kimg 21.03   maintenance 2.8    cpumem 6.84   gpumem 12.07  reserved 14.78  augment 0.001
tick 139   kimg 560.5    time 3h 35m 48s   sec/tick 86.7    sec/kimg 21.49   maintenance 2.9    cpumem 6.84   gpumem 12.07  reserved 14.78  augment 0.000
tick 140   kimg 564.5    time 3h 37m 20s   sec/tick 88.4    sec/kimg 21.94   maintenance 3.3    cpumem 6.84   gpumem 12.07  reserved 14.78  augment 0.001
tick 141   kimg 568.6    time 3h 38m 51s   sec/tick 88.2    sec/kimg 21.87   maintenance 3.0    cpumem 6.84   gpumem 12.07  reserved 14.78  augment 0.001
tick 142   kimg 572.6    time 3h 40m 20s   sec/tick 86.0    sec/kimg 21.33   maintenance 2.4    cpumem 6.84   gpumem 12.07  reserved 14.78  augment 0.002
tick 143   kimg 576.6    time 3h 41m 50s   sec/tick 86.7    sec/kimg 21.49   maintenance 3.3    cpumem 6.84   gpumem 12.07  reserved 14.78  augment 0.004
tick 144   kimg 580.7    time 3h 43m 19s   sec/tick 87.0    sec/kimg 21.57   maintenance 2.3    cpumem 6.84   gpumem 12.07  reserved 14.78  augment 0.004
tick 145   kimg 584.7    time 3h 44m 46s   sec/tick 85.5    sec/kimg 21.21   maintenance 2.0    cpumem 6.84   gpumem 12.07  reserved 14.78  augment 0.006
tick 146   kimg 588.7    time 3h 46m 17s   sec/tick 89.4    sec/kimg 22.18   maintenance 1.6    cpumem 6.84   gpumem 12.07  reserved 14.78  augment 0.009
tick 147   kimg 592.8    time 3h 47m 46s   sec/tick 86.9    sec/kimg 21.55   maintenance 2.0    cpumem 6.84   gpumem 12.07  reserved 14.78  augment 0.009
tick 148   kimg 596.8    time 3h 49m 15s   sec/tick 85.3    sec/kimg 21.15   maintenance 3.1    cpumem 6.84   gpumem 12.07  reserved 14.78  augment 0.011
tick 149   kimg 600.8    time 3h 50m 46s   sec/tick 88.4    sec/kimg 21.92   maintenance 2.6    cpumem 6.84   gpumem 12.07  reserved 14.78  augment 0.012
tick 150   kimg 604.9    time 3h 52m 13s   sec/tick 84.4    sec/kimg 20.94   maintenance 2.8    cpumem 6.84   gpumem 12.07  reserved 14.78  augment 0.017
tick 151   kimg 608.9    time 3h 54m 42s   sec/tick 86.2    sec/kimg 21.39   maintenance 63.4   cpumem 6.84   gpumem 12.07  reserved 14.78  augment 0.018
tick 152   kimg 612.9    time 3h 56m 11s   sec/tick 86.4    sec/kimg 21.42   maintenance 1.8    cpumem 6.84   gpumem 12.07  reserved 14.78  augment 0.015
tick 153   kimg 617.0    time 3h 57m 41s   sec/tick 87.1    sec/kimg 21.60   maintenance 3.3    cpumem 6.84   gpumem 12.07  reserved 14.78  augment 0.015
tick 154   kimg 621.0    time 3h 59m 09s   sec/tick 86.4    sec/kimg 21.44   maintenance 1.9    cpumem 6.84   gpumem 12.07  reserved 14.78  augment 0.017
tick 155   kimg 625.0    time 4h 00m 39s   sec/tick 86.6    sec/kimg 21.47   maintenance 3.0    cpumem 6.84   gpumem 12.07  reserved 14.78  augment 0.016
tick 156   kimg 629.1    time 4h 02m 08s   sec/tick 86.9    sec/kimg 21.55   maintenance 2.1    cpumem 6.84   gpumem 12.07  reserved 14.78  augment 0.019
tick 157   kimg 633.1    time 4h 03m 36s   sec/tick 85.3    sec/kimg 21.14   maintenance 2.4    cpumem 6.84   gpumem 12.07  reserved 14.78  augment 0.020
tick 158   kimg 637.1    time 4h 05m 04s   sec/tick 86.6    sec/kimg 21.47   maintenance 1.9    cpumem 6.84   gpumem 12.07  reserved 14.78  augment 0.021
tick 159   kimg 641.2    time 4h 06m 33s   sec/tick 85.4    sec/kimg 21.18   maintenance 3.4    cpumem 6.84   gpumem 12.07  reserved 14.78  augment 0.022
tick 160   kimg 645.2    time 4h 08m 01s   sec/tick 85.4    sec/kimg 21.18   maintenance 2.5    cpumem 6.84   gpumem 12.07  reserved 14.78  augment 0.022
tick 161   kimg 649.2    time 4h 09m 28s   sec/tick 85.5    sec/kimg 21.22   maintenance 1.8    cpumem 6.84   gpumem 12.07  reserved 14.78  augment 0.021
tick 162   kimg 653.2    time 4h 10m 57s   sec/tick 85.6    sec/kimg 21.23   maintenance 3.0    cpumem 6.84   gpumem 12.07  reserved 14.78  augment 0.022
tick 163   kimg 657.3    time 4h 12m 26s   sec/tick 86.8    sec/kimg 21.52   maintenance 2.4    cpumem 6.84   gpumem 12.07  reserved 14.78  augment 0.020
tick 164   kimg 661.3    time 4h 13m 55s   sec/tick 86.3    sec/kimg 21.41   maintenance 2.9    cpumem 6.84   gpumem 12.07  reserved 14.78  augment 0.022
tick 165   kimg 665.3    time 4h 15m 23s   sec/tick 85.5    sec/kimg 21.21   maintenance 1.9    cpumem 6.84   gpumem 12.07  reserved 14.78  augment 0.022
tick 166   kimg 669.4    time 4h 16m 52s   sec/tick 87.1    sec/kimg 21.59   maintenance 2.3    cpumem 6.84   gpumem 12.07  reserved 14.78  augment 0.023
tick 167   kimg 673.4    time 4h 18m 21s   sec/tick 86.6    sec/kimg 21.49   maintenance 2.8    cpumem 6.84   gpumem 12.07  reserved 14.78  augment 0.024
tick 168   kimg 677.4    time 4h 19m 51s   sec/tick 87.3    sec/kimg 21.66   maintenance 1.8    cpumem 6.84   gpumem 12.07  reserved 14.78  augment 0.026
tick 169   kimg 681.5    time 4h 21m 20s   sec/tick 86.9    sec/kimg 21.55   maintenance 2.4    cpumem 6.84   gpumem 12.07  reserved 14.78  augment 0.027
tick 170   kimg 685.5    time 4h 22m 48s   sec/tick 86.5    sec/kimg 21.47   maintenance 1.7    cpumem 6.84   gpumem 12.07  reserved 14.78  augment 0.030
tick 171   kimg 689.5    time 4h 24m 18s   sec/tick 87.2    sec/kimg 21.63   maintenance 3.1    cpumem 6.84   gpumem 12.07  reserved 14.78  augment 0.029
tick 172   kimg 693.6    time 4h 25m 44s   sec/tick 82.5    sec/kimg 20.47   maintenance 2.8    cpumem 6.84   gpumem 12.07  reserved 14.78  augment 0.034
tick 173   kimg 697.6    time 4h 27m 12s   sec/tick 86.2    sec/kimg 21.37   maintenance 1.8    cpumem 6.84   gpumem 12.07  reserved 14.78  augment 0.034
tick 174   kimg 701.6    time 4h 28m 41s   sec/tick 86.5    sec/kimg 21.46   maintenance 2.8    cpumem 6.84   gpumem 12.07  reserved 14.78  augment 0.038
tick 175   kimg 705.7    time 4h 30m 09s   sec/tick 86.6    sec/kimg 21.48   maintenance 1.9    cpumem 6.84   gpumem 12.07  reserved 14.78  augment 0.037
tick 176   kimg 709.7    time 4h 31m 38s   sec/tick 85.7    sec/kimg 21.24   maintenance 2.8    cpumem 6.84   gpumem 12.07  reserved 14.78  augment 0.038
tick 177   kimg 713.7    time 4h 33m 06s   sec/tick 85.3    sec/kimg 21.15   maintenance 2.5    cpumem 6.84   gpumem 12.07  reserved 14.78  augment 0.039
tick 178   kimg 717.8    time 4h 34m 34s   sec/tick 86.0    sec/kimg 21.32   maintenance 2.3    cpumem 6.84   gpumem 12.07  reserved 14.78  augment 0.040
tick 179   kimg 721.8    time 4h 36m 03s   sec/tick 86.7    sec/kimg 21.51   maintenance 2.1    cpumem 6.84   gpumem 12.07  reserved 14.78  augment 0.041
tick 180   kimg 725.8    time 4h 37m 31s   sec/tick 86.2    sec/kimg 21.37   maintenance 1.8    cpumem 6.84   gpumem 12.07  reserved 14.78  augment 0.042
tick 181   kimg 729.9    time 4h 39m 00s   sec/tick 87.3    sec/kimg 21.65   maintenance 1.9    cpumem 6.84   gpumem 12.07  reserved 14.78  augment 0.044
tick 182   kimg 733.9    time 4h 40m 29s   sec/tick 86.7    sec/kimg 21.49   maintenance 2.4    cpumem 6.84   gpumem 12.07  reserved 14.78  augment 0.046
tick 183   kimg 737.9    time 4h 41m 55s   sec/tick 84.3    sec/kimg 20.91   maintenance 1.8    cpumem 6.84   gpumem 12.07  reserved 14.78  augment 0.046
tick 184   kimg 742.0    time 4h 43m 25s   sec/tick 87.4    sec/kimg 21.66   maintenance 2.0    cpumem 6.84   gpumem 12.07  reserved 14.78  augment 0.047
tick 185   kimg 746.0    time 4h 44m 53s   sec/tick 87.3    sec/kimg 21.66   maintenance 1.0    cpumem 6.84   gpumem 12.07  reserved 14.78  augment 0.047
tick 186   kimg 750.0    time 4h 46m 20s   sec/tick 87.1    sec/kimg 21.61   maintenance 0.6    cpumem 6.84   gpumem 12.07  reserved 14.78  augment 0.048
tick 187   kimg 754.0    time 4h 47m 47s   sec/tick 84.6    sec/kimg 20.99   maintenance 1.6    cpumem 6.84   gpumem 12.07  reserved 14.78  augment 0.045
tick 188   kimg 758.1    time 4h 49m 14s   sec/tick 85.4    sec/kimg 21.19   maintenance 1.5    cpumem 6.84   gpumem 12.07  reserved 14.78  augment 0.043
tick 189   kimg 762.1    time 4h 50m 43s   sec/tick 88.1    sec/kimg 21.84   maintenance 0.8    cpumem 6.84   gpumem 12.07  reserved 14.78  augment 0.046
tick 190   kimg 766.1    time 4h 52m 10s   sec/tick 86.7    sec/kimg 21.49   maintenance 0.7    cpumem 6.84   gpumem 12.07  reserved 14.78  augment 0.049
tick 191   kimg 770.2    time 4h 53m 37s   sec/tick 85.7    sec/kimg 21.25   maintenance 1.2    cpumem 6.84   gpumem 12.07  reserved 14.78  augment 0.051
tick 192   kimg 774.2    time 4h 55m 05s   sec/tick 88.0    sec/kimg 21.82   maintenance 0.6    cpumem 6.84   gpumem 12.07  reserved 14.78  augment 0.053
tick 193   kimg 778.2    time 4h 56m 32s   sec/tick 85.7    sec/kimg 21.25   maintenance 0.8    cpumem 6.84   gpumem 12.07  reserved 14.78  augment 0.055
tick 194   kimg 782.3    time 4h 58m 00s   sec/tick 87.3    sec/kimg 21.65   maintenance 0.5    cpumem 6.84   gpumem 12.07  reserved 14.78  augment 0.054
tick 195   kimg 786.3    time 4h 59m 27s   sec/tick 86.3    sec/kimg 21.40   maintenance 0.7    cpumem 6.84   gpumem 12.07  reserved 14.78  augment 0.055
tick 196   kimg 790.3    time 5h 00m 54s   sec/tick 86.8    sec/kimg 21.53   maintenance 0.7    cpumem 6.84   gpumem 12.07  reserved 14.78  augment 0.056
tick 197   kimg 794.4    time 5h 02m 21s   sec/tick 85.8    sec/kimg 21.27   maintenance 1.3    cpumem 6.84   gpumem 12.07  reserved 14.78  augment 0.059
tick 198   kimg 798.4    time 5h 03m 49s   sec/tick 86.6    sec/kimg 21.47   maintenance 1.1    cpumem 6.84   gpumem 12.07  reserved 14.78  augment 0.060
tick 199   kimg 802.4    time 5h 05m 15s   sec/tick 85.4    sec/kimg 21.18   maintenance 1.0    cpumem 6.84   gpumem 12.07  reserved 14.78  augment 0.061
tick 200   kimg 806.5    time 5h 06m 44s   sec/tick 86.8    sec/kimg 21.54   maintenance 1.4    cpumem 6.84   gpumem 12.07  reserved 14.78  augment 0.061
tick 201   kimg 810.5    time 5h 09m 11s   sec/tick 87.0    sec/kimg 21.58   maintenance 60.3   cpumem 6.84   gpumem 12.06  reserved 14.78  augment 0.063
tick 202   kimg 814.5    time 5h 10m 41s   sec/tick 88.4    sec/kimg 21.94   maintenance 1.5    cpumem 6.84   gpumem 12.06  reserved 14.78  augment 0.066
tick 203   kimg 818.6    time 5h 12m 07s   sec/tick 85.3    sec/kimg 21.16   maintenance 0.6    cpumem 6.84   gpumem 12.06  reserved 14.78  augment 0.067
tick 204   kimg 822.6    time 5h 13m 34s   sec/tick 86.9    sec/kimg 21.54   maintenance 0.7    cpumem 6.84   gpumem 12.06  reserved 14.78  augment 0.068
tick 205   kimg 826.6    time 5h 15m 01s   sec/tick 85.6    sec/kimg 21.22   maintenance 1.5    cpumem 6.84   gpumem 12.06  reserved 14.78  augment 0.067
tick 206   kimg 830.7    time 5h 16m 28s   sec/tick 86.3    sec/kimg 21.42   maintenance 0.6    cpumem 6.84   gpumem 12.06  reserved 14.78  augment 0.066
tick 207   kimg 834.7    time 5h 17m 57s   sec/tick 87.7    sec/kimg 21.76   maintenance 0.7    cpumem 6.84   gpumem 12.06  reserved 14.78  augment 0.065
tick 208   kimg 838.7    time 5h 19m 23s   sec/tick 85.8    sec/kimg 21.28   maintenance 0.6    cpumem 6.84   gpumem 12.06  reserved 14.78  augment 0.064
tick 209   kimg 842.8    time 5h 20m 53s   sec/tick 88.9    sec/kimg 22.06   maintenance 0.7    cpumem 6.84   gpumem 12.06  reserved 14.78  augment 0.067
tick 210   kimg 846.8    time 5h 22m 22s   sec/tick 87.8    sec/kimg 21.77   maintenance 1.2    cpumem 6.84   gpumem 12.06  reserved 14.78  augment 0.067
tick 211   kimg 850.8    time 5h 23m 51s   sec/tick 88.0    sec/kimg 21.83   maintenance 0.7    cpumem 6.84   gpumem 12.06  reserved 14.78  augment 0.066
tick 212   kimg 854.8    time 5h 25m 17s   sec/tick 85.9    sec/kimg 21.31   maintenance 0.7    cpumem 6.84   gpumem 12.06  reserved 14.78  augment 0.065
tick 213   kimg 858.9    time 5h 26m 45s   sec/tick 86.8    sec/kimg 21.53   maintenance 0.6    cpumem 6.84   gpumem 12.06  reserved 14.78  augment 0.068
tick 214   kimg 862.9    time 5h 28m 11s   sec/tick 86.2    sec/kimg 21.38   maintenance 0.5    cpumem 6.84   gpumem 12.06  reserved 14.78  augment 0.070
tick 215   kimg 866.9    time 5h 29m 43s   sec/tick 90.7    sec/kimg 22.48   maintenance 0.6    cpumem 6.84   gpumem 12.06  reserved 14.78  augment 0.070
tick 216   kimg 871.0    time 5h 31m 11s   sec/tick 88.0    sec/kimg 21.84   maintenance 0.6    cpumem 6.84   gpumem 12.06  reserved 14.78  augment 0.073
tick 217   kimg 875.0    time 5h 32m 39s   sec/tick 86.5    sec/kimg 21.44   maintenance 0.8    cpumem 6.84   gpumem 12.06  reserved 14.78  augment 0.076
tick 218   kimg 879.0    time 5h 34m 04s   sec/tick 85.3    sec/kimg 21.15   maintenance 0.6    cpumem 6.84   gpumem 12.06  reserved 14.78  augment 0.077
tick 219   kimg 883.1    time 5h 35m 31s   sec/tick 85.5    sec/kimg 21.22   maintenance 0.6    cpumem 6.84   gpumem 12.06  reserved 14.78  augment 0.079
tick 220   kimg 887.1    time 5h 36m 56s   sec/tick 84.7    sec/kimg 21.02   maintenance 0.7    cpumem 6.84   gpumem 12.06  reserved 14.78  augment 0.079
tick 221   kimg 891.1    time 5h 38m 24s   sec/tick 87.3    sec/kimg 21.64   maintenance 0.7    cpumem 6.84   gpumem 12.06  reserved 14.78  augment 0.079
tick 222   kimg 895.2    time 5h 39m 51s   sec/tick 86.4    sec/kimg 21.42   maintenance 0.6    cpumem 6.84   gpumem 12.06  reserved 14.78  augment 0.081
tick 223   kimg 899.2    time 5h 41m 19s   sec/tick 86.3    sec/kimg 21.40   maintenance 1.8    cpumem 6.84   gpumem 12.06  reserved 14.78  augment 0.083
tick 224   kimg 903.2    time 5h 42m 44s   sec/tick 84.1    sec/kimg 20.85   maintenance 0.7    cpumem 6.84   gpumem 12.06  reserved 14.78  augment 0.082
tick 225   kimg 907.3    time 5h 44m 12s   sec/tick 87.1    sec/kimg 21.61   maintenance 0.9    cpumem 6.84   gpumem 12.06  reserved 14.78  augment 0.085
tick 226   kimg 911.3    time 5h 45m 39s   sec/tick 86.1    sec/kimg 21.36   maintenance 0.7    cpumem 6.84   gpumem 12.06  reserved 14.78  augment 0.086
tick 227   kimg 915.3    time 5h 47m 07s   sec/tick 87.3    sec/kimg 21.65   maintenance 0.7    cpumem 6.84   gpumem 12.06  reserved 14.78  augment 0.084
tick 228   kimg 919.4    time 5h 48m 33s   sec/tick 85.5    sec/kimg 21.22   maintenance 0.6    cpumem 6.84   gpumem 12.06  reserved 14.78  augment 0.087
tick 229   kimg 923.4    time 5h 49m 59s   sec/tick 85.8    sec/kimg 21.27   maintenance 0.6    cpumem 6.84   gpumem 12.06  reserved 14.78  augment 0.086
tick 230   kimg 927.4    time 5h 51m 27s   sec/tick 87.1    sec/kimg 21.60   maintenance 0.7    cpumem 6.84   gpumem 12.06  reserved 14.78  augment 0.087
tick 231   kimg 931.5    time 5h 52m 53s   sec/tick 85.3    sec/kimg 21.14   maintenance 0.6    cpumem 6.84   gpumem 12.06  reserved 14.78  augment 0.086
tick 232   kimg 935.5    time 5h 54m 22s   sec/tick 87.6    sec/kimg 21.74   maintenance 1.0    cpumem 6.84   gpumem 12.06  reserved 14.78  augment 0.089
tick 233   kimg 939.5    time 5h 55m 48s   sec/tick 86.1    sec/kimg 21.34   maintenance 0.7    cpumem 6.84   gpumem 12.06  reserved 14.78  augment 0.087
tick 234   kimg 943.6    time 5h 57m 17s   sec/tick 87.9    sec/kimg 21.80   maintenance 0.7    cpumem 6.84   gpumem 12.06  reserved 14.78  augment 0.085
tick 235   kimg 947.6    time 5h 58m 42s   sec/tick 84.9    sec/kimg 21.06   maintenance 0.6    cpumem 6.84   gpumem 12.06  reserved 14.78  augment 0.084
tick 236   kimg 951.6    time 6h 00m 11s   sec/tick 87.9    sec/kimg 21.79   maintenance 0.7    cpumem 6.84   gpumem 12.06  reserved 14.78  augment 0.084
tick 237   kimg 955.6    time 6h 01m 37s   sec/tick 85.8    sec/kimg 21.27   maintenance 0.7    cpumem 6.84   gpumem 12.06  reserved 14.78  augment 0.088
tick 238   kimg 959.7    time 6h 03m 05s   sec/tick 86.8    sec/kimg 21.52   maintenance 0.6    cpumem 6.84   gpumem 12.06  reserved 14.78  augment 0.090
tick 239   kimg 963.7    time 6h 04m 31s   sec/tick 85.1    sec/kimg 21.11   maintenance 0.7    cpumem 6.84   gpumem 12.06  reserved 14.78  augment 0.092
tick 240   kimg 967.7    time 6h 05m 58s   sec/tick 86.4    sec/kimg 21.44   maintenance 0.6    cpumem 6.84   gpumem 12.06  reserved 14.78  augment 0.096
tick 241   kimg 971.8    time 6h 07m 23s   sec/tick 84.8    sec/kimg 21.03   maintenance 0.7    cpumem 6.84   gpumem 12.06  reserved 14.78  augment 0.097
tick 242   kimg 975.8    time 6h 08m 51s   sec/tick 85.9    sec/kimg 21.31   maintenance 1.6    cpumem 6.84   gpumem 12.06  reserved 14.78  augment 0.097
tick 243   kimg 979.8    time 6h 10m 18s   sec/tick 86.6    sec/kimg 21.48   maintenance 0.7    cpumem 6.84   gpumem 12.06  reserved 14.78  augment 0.095
tick 244   kimg 983.9    time 6h 11m 46s   sec/tick 87.3    sec/kimg 21.64   maintenance 0.6    cpumem 6.84   gpumem 12.06  reserved 14.78  augment 0.096
tick 245   kimg 987.9    time 6h 13m 14s   sec/tick 87.1    sec/kimg 21.61   maintenance 0.9    cpumem 6.84   gpumem 12.06  reserved 14.78  augment 0.094
tick 246   kimg 991.9    time 6h 14m 42s   sec/tick 87.4    sec/kimg 21.69   maintenance 0.4    cpumem 6.84   gpumem 12.06  reserved 14.78  augment 0.097
tick 247   kimg 996.0    time 6h 16m 09s   sec/tick 86.6    sec/kimg 21.47   maintenance 0.6    cpumem 6.84   gpumem 12.06  reserved 14.78  augment 0.096
tick 248   kimg 1000.0   time 6h 17m 37s   sec/tick 87.9    sec/kimg 21.80   maintenance 0.5    cpumem 6.84   gpumem 12.06  reserved 14.78  augment 0.097
tick 249   kimg 1004.0   time 6h 19m 09s   sec/tick 90.1    sec/kimg 22.35   maintenance 1.5    cpumem 6.84   gpumem 12.06  reserved 14.78  augment 0.099
tick 250   kimg 1008.1   time 6h 20m 36s   sec/tick 86.6    sec/kimg 21.47   maintenance 0.5    cpumem 6.84   gpumem 12.06  reserved 14.78  augment 0.102
tick 251   kimg 1012.1   time 6h 23m 07s   sec/tick 86.8    sec/kimg 21.54   maintenance 64.3   cpumem 6.85   gpumem 12.07  reserved 14.78  augment 0.100
tick 252   kimg 1016.1   time 6h 24m 35s   sec/tick 86.7    sec/kimg 21.50   maintenance 0.7    cpumem 6.85   gpumem 12.07  reserved 14.78  augment 0.102
tick 253   kimg 1020.2   time 6h 26m 03s   sec/tick 87.8    sec/kimg 21.79   maintenance 0.6    cpumem 6.85   gpumem 12.07  reserved 14.78  augment 0.104
tick 254   kimg 1024.2   time 6h 27m 32s   sec/tick 88.0    sec/kimg 21.82   maintenance 0.6    cpumem 6.85   gpumem 12.07  reserved 14.78  augment 0.104
tick 255   kimg 1028.2   time 6h 29m 01s   sec/tick 88.5    sec/kimg 21.94   maintenance 0.7    cpumem 6.85   gpumem 12.07  reserved 14.78  augment 0.104
tick 256   kimg 1032.3   time 6h 30m 29s   sec/tick 87.3    sec/kimg 21.65   maintenance 0.5    cpumem 6.85   gpumem 12.07  reserved 14.78  augment 0.104
tick 257   kimg 1036.3   time 6h 31m 55s   sec/tick 86.1    sec/kimg 21.36   maintenance 0.6    cpumem 6.85   gpumem 12.07  reserved 14.78  augment 0.103
tick 258   kimg 1040.3   time 6h 33m 22s   sec/tick 85.2    sec/kimg 21.14   maintenance 1.2    cpumem 6.85   gpumem 12.07  reserved 14.78  augment 0.105
tick 259   kimg 1044.4   time 6h 34m 49s   sec/tick 87.3    sec/kimg 21.64   maintenance 0.5    cpumem 6.85   gpumem 12.07  reserved 14.78  augment 0.103
tick 260   kimg 1048.4   time 6h 36m 16s   sec/tick 86.1    sec/kimg 21.35   maintenance 0.8    cpumem 6.85   gpumem 12.07  reserved 14.78  augment 0.106
tick 261   kimg 1052.4   time 6h 37m 44s   sec/tick 86.0    sec/kimg 21.32   maintenance 1.3    cpumem 6.85   gpumem 12.07  reserved 14.78  augment 0.108
tick 262   kimg 1056.4   time 6h 39m 10s   sec/tick 85.4    sec/kimg 21.18   maintenance 0.8    cpumem 6.85   gpumem 12.07  reserved 14.78  augment 0.111
tick 263   kimg 1060.5   time 6h 40m 35s   sec/tick 85.0    sec/kimg 21.08   maintenance 0.5    cpumem 6.85   gpumem 12.07  reserved 14.78  augment 0.113
tick 264   kimg 1064.5   time 6h 42m 03s   sec/tick 87.6    sec/kimg 21.72   maintenance 0.5    cpumem 6.85   gpumem 12.07  reserved 14.78  augment 0.113
tick 265   kimg 1068.5   time 6h 43m 30s   sec/tick 86.3    sec/kimg 21.40   maintenance 0.6    cpumem 6.85   gpumem 12.07  reserved 14.78  augment 0.113
tick 266   kimg 1072.6   time 6h 44m 58s   sec/tick 87.3    sec/kimg 21.66   maintenance 0.6    cpumem 6.85   gpumem 12.07  reserved 14.78  augment 0.112
tick 267   kimg 1076.6   time 6h 46m 24s   sec/tick 85.2    sec/kimg 21.12   maintenance 1.1    cpumem 6.85   gpumem 12.07  reserved 14.78  augment 0.111
tick 268   kimg 1080.6   time 6h 47m 50s   sec/tick 84.9    sec/kimg 21.05   maintenance 0.6    cpumem 6.85   gpumem 12.07  reserved 14.78  augment 0.113
tick 269   kimg 1084.7   time 6h 49m 19s   sec/tick 88.2    sec/kimg 21.88   maintenance 0.6    cpumem 6.85   gpumem 12.07  reserved 14.78  augment 0.113
tick 270   kimg 1088.7   time 6h 50m 45s   sec/tick 86.2    sec/kimg 21.37   maintenance 0.6    cpumem 6.85   gpumem 12.07  reserved 14.78  augment 0.116
tick 271   kimg 1092.7   time 6h 52m 14s   sec/tick 88.1    sec/kimg 21.86   maintenance 0.6    cpumem 6.85   gpumem 12.07  reserved 14.78  augment 0.117
tick 272   kimg 1096.8   time 6h 53m 42s   sec/tick 87.5    sec/kimg 21.71   maintenance 0.6    cpumem 6.85   gpumem 12.07  reserved 14.78  augment 0.119
tick 273   kimg 1100.8   time 6h 55m 09s   sec/tick 85.7    sec/kimg 21.26   maintenance 0.5    cpumem 6.85   gpumem 12.07  reserved 14.78  augment 0.117
tick 274   kimg 1104.8   time 6h 56m 36s   sec/tick 86.6    sec/kimg 21.48   maintenance 0.6    cpumem 6.85   gpumem 12.07  reserved 14.78  augment 0.119
tick 275   kimg 1108.9   time 6h 58m 02s   sec/tick 85.5    sec/kimg 21.21   maintenance 0.9    cpumem 6.85   gpumem 12.07  reserved 14.78  augment 0.122
tick 276   kimg 1112.9   time 6h 59m 29s   sec/tick 85.5    sec/kimg 21.21   maintenance 1.0    cpumem 6.85   gpumem 12.07  reserved 14.78  augment 0.119
tick 277   kimg 1116.9   time 7h 00m 57s   sec/tick 86.5    sec/kimg 21.46   maintenance 1.4    cpumem 6.85   gpumem 12.07  reserved 14.78  augment 0.119
tick 278   kimg 1121.0   time 7h 02m 23s   sec/tick 85.7    sec/kimg 21.26   maintenance 0.6    cpumem 6.85   gpumem 12.07  reserved 14.78  augment 0.118
tick 279   kimg 1125.0   time 7h 03m 48s   sec/tick 84.1    sec/kimg 20.85   maintenance 1.4    cpumem 6.85   gpumem 12.07  reserved 14.78  augment 0.121
tick 280   kimg 1129.0   time 7h 05m 14s   sec/tick 85.4    sec/kimg 21.17   maintenance 0.6    cpumem 6.85   gpumem 12.07  reserved 14.78  augment 0.123
tick 281   kimg 1133.1   time 7h 06m 43s   sec/tick 88.0    sec/kimg 21.83   maintenance 0.6    cpumem 6.85   gpumem 12.07  reserved 14.78  augment 0.122
tick 282   kimg 1137.1   time 7h 08m 10s   sec/tick 86.8    sec/kimg 21.52   maintenance 0.5    cpumem 6.85   gpumem 12.07  reserved 14.78  augment 0.124
tick 283   kimg 1141.1   time 7h 09m 38s   sec/tick 86.8    sec/kimg 21.53   maintenance 0.6    cpumem 6.85   gpumem 12.07  reserved 14.78  augment 0.121
tick 284   kimg 1145.2   time 7h 11m 04s   sec/tick 85.6    sec/kimg 21.24   maintenance 0.6    cpumem 6.85   gpumem 12.07  reserved 14.78  augment 0.117
tick 285   kimg 1149.2   time 7h 12m 32s   sec/tick 86.7    sec/kimg 21.51   maintenance 2.0    cpumem 6.85   gpumem 12.07  reserved 14.78  augment 0.115
tick 286   kimg 1153.2   time 7h 14m 00s   sec/tick 87.1    sec/kimg 21.60   maintenance 0.7    cpumem 6.85   gpumem 12.07  reserved 14.78  augment 0.118
tick 287   kimg 1157.2   time 7h 15m 29s   sec/tick 87.8    sec/kimg 21.78   maintenance 0.6    cpumem 6.85   gpumem 12.07  reserved 14.78  augment 0.121
tick 288   kimg 1161.3   time 7h 16m 55s   sec/tick 86.0    sec/kimg 21.33   maintenance 0.5    cpumem 6.85   gpumem 12.07  reserved 14.78  augment 0.125
tick 289   kimg 1165.3   time 7h 18m 23s   sec/tick 87.4    sec/kimg 21.67   maintenance 0.5    cpumem 6.85   gpumem 12.07  reserved 14.78  augment 0.125
tick 290   kimg 1169.3   time 7h 19m 50s   sec/tick 86.3    sec/kimg 21.40   maintenance 0.6    cpumem 6.85   gpumem 12.07  reserved 14.78  augment 0.123
tick 291   kimg 1173.4   time 7h 21m 17s   sec/tick 86.1    sec/kimg 21.35   maintenance 0.6    cpumem 6.85   gpumem 12.07  reserved 14.78  augment 0.123
tick 292   kimg 1177.4   time 7h 22m 45s   sec/tick 87.3    sec/kimg 21.66   maintenance 0.6    cpumem 6.85   gpumem 12.07  reserved 14.78  augment 0.123
tick 293   kimg 1181.4   time 7h 24m 11s   sec/tick 86.2    sec/kimg 21.37   maintenance 0.6    cpumem 6.85   gpumem 12.07  reserved 14.78  augment 0.124
tick 294   kimg 1185.5   time 7h 25m 39s   sec/tick 87.5    sec/kimg 21.71   maintenance 0.5    cpumem 6.85   gpumem 12.07  reserved 14.78  augment 0.123
tick 295   kimg 1189.5   time 7h 27m 07s   sec/tick 87.1    sec/kimg 21.61   maintenance 0.6    cpumem 6.85   gpumem 12.07  reserved 14.78  augment 0.126
tick 296   kimg 1193.5   time 7h 28m 35s   sec/tick 87.1    sec/kimg 21.61   maintenance 0.7    cpumem 6.85   gpumem 12.07  reserved 14.78  augment 0.127
tick 297   kimg 1197.6   time 7h 30m 02s   sec/tick 86.2    sec/kimg 21.38   maintenance 1.4    cpumem 6.85   gpumem 12.07  reserved 14.78  augment 0.130
tick 298   kimg 1201.6   time 7h 31m 30s   sec/tick 86.8    sec/kimg 21.53   maintenance 0.6    cpumem 6.85   gpumem 12.07  reserved 14.78  augment 0.130
tick 299   kimg 1205.6   time 7h 32m 58s   sec/tick 87.2    sec/kimg 21.62   maintenance 1.5    cpumem 6.85   gpumem 12.07  reserved 14.78  augment 0.133
tick 300   kimg 1209.7   time 7h 34m 25s   sec/tick 85.8    sec/kimg 21.29   maintenance 0.6    cpumem 6.85   gpumem 12.07  reserved 14.78  augment 0.131
tick 301   kimg 1213.7   time 7h 36m 53s   sec/tick 86.3    sec/kimg 21.40   maintenance 61.7   cpumem 6.85   gpumem 12.06  reserved 14.78  augment 0.133
tick 302   kimg 1217.7   time 7h 38m 22s   sec/tick 88.3    sec/kimg 21.90   maintenance 0.5    cpumem 6.85   gpumem 12.06  reserved 14.78  augment 0.131
tick 303   kimg 1221.8   time 7h 39m 52s   sec/tick 89.6    sec/kimg 22.22   maintenance 0.6    cpumem 6.85   gpumem 12.06  reserved 14.78  augment 0.132
tick 304   kimg 1225.8   time 7h 41m 21s   sec/tick 88.3    sec/kimg 21.90   maintenance 0.7    cpumem 6.85   gpumem 12.06  reserved 14.78  augment 0.131
tick 305   kimg 1229.8   time 7h 42m 48s   sec/tick 86.9    sec/kimg 21.55   maintenance 0.6    cpumem 6.85   gpumem 12.06  reserved 14.78  augment 0.132
tick 306   kimg 1233.9   time 7h 44m 15s   sec/tick 85.6    sec/kimg 21.24   maintenance 0.5    cpumem 6.85   gpumem 12.06  reserved 14.78  augment 0.136
tick 307   kimg 1237.9   time 7h 45m 41s   sec/tick 86.2    sec/kimg 21.38   maintenance 0.6    cpumem 6.85   gpumem 12.06  reserved 14.78  augment 0.135
tick 308   kimg 1241.9   time 7h 47m 10s   sec/tick 87.6    sec/kimg 21.72   maintenance 0.6    cpumem 6.85   gpumem 12.06  reserved 14.78  augment 0.138
tick 309   kimg 1246.0   time 7h 48m 37s   sec/tick 86.7    sec/kimg 21.50   maintenance 0.6    cpumem 6.85   gpumem 12.06  reserved 14.78  augment 0.140
tick 310   kimg 1250.0   time 7h 50m 02s   sec/tick 84.9    sec/kimg 21.06   maintenance 0.5    cpumem 6.85   gpumem 12.06  reserved 14.78  augment 0.141
tick 311   kimg 1254.0   time 7h 51m 30s   sec/tick 86.4    sec/kimg 21.43   maintenance 1.6    cpumem 6.85   gpumem 12.06  reserved 14.78  augment 0.142
tick 312   kimg 1258.0   time 7h 53m 00s   sec/tick 89.4    sec/kimg 22.17   maintenance 0.5    cpumem 6.85   gpumem 12.06  reserved 14.78  augment 0.142
tick 313   kimg 1262.1   time 7h 54m 29s   sec/tick 86.6    sec/kimg 21.47   maintenance 2.5    cpumem 6.85   gpumem 12.06  reserved 14.78  augment 0.146
tick 314   kimg 1266.1   time 7h 55m 56s   sec/tick 86.3    sec/kimg 21.40   maintenance 0.6    cpumem 6.85   gpumem 12.06  reserved 14.78  augment 0.148
tick 315   kimg 1270.1   time 7h 57m 24s   sec/tick 86.8    sec/kimg 21.52   maintenance 1.5    cpumem 6.85   gpumem 12.06  reserved 14.78  augment 0.146
tick 316   kimg 1274.2   time 7h 58m 52s   sec/tick 86.4    sec/kimg 21.44   maintenance 0.6    cpumem 6.85   gpumem 12.06  reserved 14.78  augment 0.144
tick 317   kimg 1278.2   time 8h 00m 18s   sec/tick 86.0    sec/kimg 21.33   maintenance 0.5    cpumem 6.85   gpumem 12.06  reserved 14.78  augment 0.145
tick 318   kimg 1282.2   time 8h 01m 46s   sec/tick 87.6    sec/kimg 21.72   maintenance 0.5    cpumem 6.85   gpumem 12.06  reserved 14.78  augment 0.146
tick 319   kimg 1286.3   time 8h 03m 13s   sec/tick 85.9    sec/kimg 21.30   maintenance 0.7    cpumem 6.85   gpumem 12.06  reserved 14.78  augment 0.148
tick 320   kimg 1290.3   time 8h 04m 41s   sec/tick 87.5    sec/kimg 21.70   maintenance 0.5    cpumem 6.85   gpumem 12.06  reserved 14.78  augment 0.148
tick 321   kimg 1294.3   time 8h 06m 08s   sec/tick 86.2    sec/kimg 21.38   maintenance 1.0    cpumem 6.85   gpumem 12.06  reserved 14.78  augment 0.150
tick 322   kimg 1298.4   time 8h 07m 36s   sec/tick 87.5    sec/kimg 21.71   maintenance 0.8    cpumem 6.85   gpumem 12.06  reserved 14.78  augment 0.150
tick 323   kimg 1302.4   time 8h 09m 05s   sec/tick 87.7    sec/kimg 21.76   maintenance 0.6    cpumem 6.85   gpumem 12.06  reserved 14.78  augment 0.149
tick 324   kimg 1306.4   time 8h 10m 31s   sec/tick 85.8    sec/kimg 21.27   maintenance 0.6    cpumem 6.85   gpumem 12.06  reserved 14.78  augment 0.151
tick 325   kimg 1310.5   time 8h 11m 57s   sec/tick 85.6    sec/kimg 21.23   maintenance 0.5    cpumem 6.85   gpumem 12.06  reserved 14.78  augment 0.151
tick 326   kimg 1314.5   time 8h 13m 24s   sec/tick 86.7    sec/kimg 21.51   maintenance 0.7    cpumem 6.85   gpumem 12.06  reserved 14.78  augment 0.150
tick 327   kimg 1318.5   time 8h 14m 51s   sec/tick 85.9    sec/kimg 21.31   maintenance 0.6    cpumem 6.85   gpumem 12.06  reserved 14.78  augment 0.151
